<?xml version="1.0" encoding="UTF-8"?>
<testsuite name="service.model.ProductTest" tests="1" skipped="0" failures="0" errors="0" timestamp="2020-09-16T21:01:14" hostname="DESKTOP-CP7O3R7" time="0.045">
  <properties/>
  <testcase name="testConstructor()" classname="service.model.ProductTest" time="0.045"/>
  <system-out><![CDATA[]]></system-out>
  <system-err><![CDATA[]]></system-err>
</testsuite>
