<?xml version="1.0" encoding="UTF-8"?>
<testsuite name="com.example.accessingdatamysql.modelsTemp.UserTest" tests="8" skipped="0" failures="0" errors="0" timestamp="2020-11-22T20:01:22" hostname="DESKTOP-THMDKJJ" time="0.031">
  <properties/>
  <testcase name="setPassword()" classname="com.example.accessingdatamysql.modelsTemp.UserTest" time="0.003"/>
  <testcase name="getPassword()" classname="com.example.accessingdatamysql.modelsTemp.UserTest" time="0.003"/>
  <testcase name="getId()" classname="com.example.accessingdatamysql.modelsTemp.UserTest" time="0.003"/>
  <testcase name="setId()" classname="com.example.accessingdatamysql.modelsTemp.UserTest" time="0.004"/>
  <testcase name="setEmail()" classname="com.example.accessingdatamysql.modelsTemp.UserTest" time="0.003"/>
  <testcase name="setUsername()" classname="com.example.accessingdatamysql.modelsTemp.UserTest" time="0.004"/>
  <testcase name="getUsername()" classname="com.example.accessingdatamysql.modelsTemp.UserTest" time="0.004"/>
  <testcase name="getEmail()" classname="com.example.accessingdatamysql.modelsTemp.UserTest" time="0.003"/>
  <system-out><![CDATA[2020-11-22 21:01:22.182  INFO 7208 --- [    Test worker] .b.t.c.SpringBootTestContextBootstrapper : Neither @ContextConfiguration nor @ContextHierarchy found for test class [com.example.accessingdatamysql.modelsTemp.UserTest], using SpringBootContextLoader
2020-11-22 21:01:22.184  INFO 7208 --- [    Test worker] o.s.t.c.support.AbstractContextLoader    : Could not detect default resource locations for test class [com.example.accessingdatamysql.modelsTemp.UserTest]: no resource found for suffixes {-context.xml, Context.groovy}.
2020-11-22 21:01:22.184  INFO 7208 --- [    Test worker] t.c.s.AnnotationConfigContextLoaderUtils : Could not detect default configuration classes for test class [com.example.accessingdatamysql.modelsTemp.UserTest]: UserTest does not declare any static, non-private, non-final, nested classes annotated with @Configuration.
2020-11-22 21:01:22.185  INFO 7208 --- [    Test worker] .b.t.c.SpringBootTestContextBootstrapper : Found @SpringBootConfiguration com.example.accessingdatamysql.AccessingDataMysqlApplication for test class com.example.accessingdatamysql.modelsTemp.UserTest
2020-11-22 21:01:22.187  INFO 7208 --- [    Test worker] .b.t.c.SpringBootTestContextBootstrapper : Loaded default TestExecutionListener class names from location [META-INF/spring.factories]: [org.springframework.security.test.context.support.WithSecurityContextTestExecutionListener, org.springframework.security.test.context.support.ReactorContextTestExecutionListener, org.springframework.boot.test.autoconfigure.restdocs.RestDocsTestExecutionListener, org.springframework.boot.test.autoconfigure.web.client.MockRestServiceServerResetTestExecutionListener, org.springframework.boot.test.autoconfigure.web.servlet.MockMvcPrintOnlyOnFailureTestExecutionListener, org.springframework.boot.test.autoconfigure.web.servlet.WebDriverTestExecutionListener, org.springframework.boot.test.autoconfigure.webservices.client.MockWebServiceServerTestExecutionListener, org.springframework.boot.test.mock.mockito.MockitoTestExecutionListener, org.springframework.boot.test.mock.mockito.ResetMocksTestExecutionListener, org.springframework.test.context.web.ServletTestExecutionListener, org.springframework.test.context.support.DirtiesContextBeforeModesTestExecutionListener, org.springframework.test.context.support.DependencyInjectionTestExecutionListener, org.springframework.test.context.support.DirtiesContextTestExecutionListener, org.springframework.test.context.transaction.TransactionalTestExecutionListener, org.springframework.test.context.jdbc.SqlScriptsTestExecutionListener, org.springframework.test.context.event.EventPublishingTestExecutionListener]
2020-11-22 21:01:22.189  INFO 7208 --- [    Test worker] .b.t.c.SpringBootTestContextBootstrapper : Using TestExecutionListeners: [org.springframework.test.context.web.ServletTestExecutionListener@ad03024, org.springframework.test.context.support.DirtiesContextBeforeModesTestExecutionListener@1b44ebaf, org.springframework.boot.test.mock.mockito.MockitoTestExecutionListener@d84d14f, org.springframework.boot.test.autoconfigure.SpringBootDependencyInjectionTestExecutionListener@69c99027, org.springframework.test.context.support.DirtiesContextTestExecutionListener@6213dc2a, org.springframework.test.context.transaction.TransactionalTestExecutionListener@5eb64a54, org.springframework.test.context.jdbc.SqlScriptsTestExecutionListener@7593e664, org.springframework.security.test.context.support.WithSecurityContextTestExecutionListener@50fe0859, org.springframework.test.context.event.EventPublishingTestExecutionListener@2c707ce0, org.springframework.security.test.context.support.ReactorContextTestExecutionListener@407877d0, org.springframework.boot.test.autoconfigure.restdocs.RestDocsTestExecutionListener@2a32097d, org.springframework.boot.test.autoconfigure.web.client.MockRestServiceServerResetTestExecutionListener@a2e70a2, org.springframework.boot.test.autoconfigure.web.servlet.MockMvcPrintOnlyOnFailureTestExecutionListener@25168a7b, org.springframework.boot.test.autoconfigure.web.servlet.WebDriverTestExecutionListener@26d3bffe, org.springframework.boot.test.autoconfigure.webservices.client.MockWebServiceServerTestExecutionListener@1c1023b8, org.springframework.boot.test.mock.mockito.ResetMocksTestExecutionListener@6542fbf8]
]]></system-out>
  <system-err><![CDATA[]]></system-err>
</testsuite>
