<?xml version="1.0" encoding="UTF-8"?>
<testsuite name="com.example.accessingdatamysql.Controllers.UserControllerTest" tests="1" skipped="0" failures="0" errors="0" timestamp="2020-10-25T20:53:21" hostname="DESKTOP-CP7O3R7" time="0.15">
  <properties/>
  <testcase name="userNotFound()" classname="com.example.accessingdatamysql.Controllers.UserControllerTest" time="0.15"/>
  <system-out><![CDATA[21:53:17.563 [Test worker] DEBUG org.springframework.test.context.BootstrapUtils - Instantiating CacheAwareContextLoaderDelegate from class [org.springframework.test.context.cache.DefaultCacheAwareContextLoaderDelegate]
21:53:17.574 [Test worker] DEBUG org.springframework.test.context.BootstrapUtils - Instantiating BootstrapContext using constructor [public org.springframework.test.context.support.DefaultBootstrapContext(java.lang.Class,org.springframework.test.context.CacheAwareContextLoaderDelegate)]
21:53:17.600 [Test worker] DEBUG org.springframework.test.context.BootstrapUtils - Instantiating TestContextBootstrapper for test class [com.example.accessingdatamysql.Controllers.UserControllerTest] from class [org.springframework.boot.test.context.SpringBootTestContextBootstrapper]
21:53:17.614 [Test worker] INFO org.springframework.boot.test.context.SpringBootTestContextBootstrapper - Neither @ContextConfiguration nor @ContextHierarchy found for test class [com.example.accessingdatamysql.Controllers.UserControllerTest], using SpringBootContextLoader
21:53:17.618 [Test worker] DEBUG org.springframework.test.context.support.AbstractContextLoader - Did not detect default resource location for test class [com.example.accessingdatamysql.Controllers.UserControllerTest]: class path resource [com/example/accessingdatamysql/Controllers/UserControllerTest-context.xml] does not exist
21:53:17.618 [Test worker] DEBUG org.springframework.test.context.support.AbstractContextLoader - Did not detect default resource location for test class [com.example.accessingdatamysql.Controllers.UserControllerTest]: class path resource [com/example/accessingdatamysql/Controllers/UserControllerTestContext.groovy] does not exist
21:53:17.618 [Test worker] INFO org.springframework.test.context.support.AbstractContextLoader - Could not detect default resource locations for test class [com.example.accessingdatamysql.Controllers.UserControllerTest]: no resource found for suffixes {-context.xml, Context.groovy}.
21:53:17.619 [Test worker] INFO org.springframework.test.context.support.AnnotationConfigContextLoaderUtils - Could not detect default configuration classes for test class [com.example.accessingdatamysql.Controllers.UserControllerTest]: UserControllerTest does not declare any static, non-private, non-final, nested classes annotated with @Configuration.
21:53:17.666 [Test worker] DEBUG org.springframework.test.context.support.ActiveProfilesUtils - Could not find an 'annotation declaring class' for annotation type [org.springframework.test.context.ActiveProfiles] and class [com.example.accessingdatamysql.Controllers.UserControllerTest]
21:53:17.755 [Test worker] DEBUG org.springframework.context.annotation.ClassPathScanningCandidateComponentProvider - Identified candidate component class: file [C:\Users\jakit\INDIVIDUAL\tennis-website\individual-assignment-db\build\classes\java\main\com\example\accessingdatamysql\AccessingDataMysqlApplication.class]
21:53:17.756 [Test worker] INFO org.springframework.boot.test.context.SpringBootTestContextBootstrapper - Found @SpringBootConfiguration com.example.accessingdatamysql.AccessingDataMysqlApplication for test class com.example.accessingdatamysql.Controllers.UserControllerTest
21:53:17.840 [Test worker] DEBUG org.springframework.boot.test.context.SpringBootTestContextBootstrapper - @TestExecutionListeners is not present for class [com.example.accessingdatamysql.Controllers.UserControllerTest]: using defaults.
21:53:17.841 [Test worker] INFO org.springframework.boot.test.context.SpringBootTestContextBootstrapper - Loaded default TestExecutionListener class names from location [META-INF/spring.factories]: [org.springframework.boot.test.autoconfigure.restdocs.RestDocsTestExecutionListener, org.springframework.boot.test.autoconfigure.web.client.MockRestServiceServerResetTestExecutionListener, org.springframework.boot.test.autoconfigure.web.servlet.MockMvcPrintOnlyOnFailureTestExecutionListener, org.springframework.boot.test.autoconfigure.web.servlet.WebDriverTestExecutionListener, org.springframework.boot.test.autoconfigure.webservices.client.MockWebServiceServerTestExecutionListener, org.springframework.boot.test.mock.mockito.MockitoTestExecutionListener, org.springframework.boot.test.mock.mockito.ResetMocksTestExecutionListener, org.springframework.test.context.web.ServletTestExecutionListener, org.springframework.test.context.support.DirtiesContextBeforeModesTestExecutionListener, org.springframework.test.context.support.DependencyInjectionTestExecutionListener, org.springframework.test.context.support.DirtiesContextTestExecutionListener, org.springframework.test.context.transaction.TransactionalTestExecutionListener, org.springframework.test.context.jdbc.SqlScriptsTestExecutionListener, org.springframework.test.context.event.EventPublishingTestExecutionListener]
21:53:17.856 [Test worker] INFO org.springframework.boot.test.context.SpringBootTestContextBootstrapper - Using TestExecutionListeners: [org.springframework.test.context.web.ServletTestExecutionListener@5f5f8beb, org.springframework.test.context.support.DirtiesContextBeforeModesTestExecutionListener@599c9bb, org.springframework.boot.test.mock.mockito.MockitoTestExecutionListener@18a90325, org.springframework.boot.test.autoconfigure.SpringBootDependencyInjectionTestExecutionListener@6ec37dd, org.springframework.test.context.support.DirtiesContextTestExecutionListener@254ff438, org.springframework.test.context.transaction.TransactionalTestExecutionListener@6e50353b, org.springframework.test.context.jdbc.SqlScriptsTestExecutionListener@3e30b3ff, org.springframework.test.context.event.EventPublishingTestExecutionListener@5985393b, org.springframework.boot.test.autoconfigure.restdocs.RestDocsTestExecutionListener@331f807, org.springframework.boot.test.autoconfigure.web.client.MockRestServiceServerResetTestExecutionListener@6ca7fcb7, org.springframework.boot.test.autoconfigure.web.servlet.MockMvcPrintOnlyOnFailureTestExecutionListener@57b30597, org.springframework.boot.test.autoconfigure.web.servlet.WebDriverTestExecutionListener@270fa2bb, org.springframework.boot.test.autoconfigure.webservices.client.MockWebServiceServerTestExecutionListener@2bf2879d, org.springframework.boot.test.mock.mockito.ResetMocksTestExecutionListener@78639410]
21:53:17.859 [Test worker] DEBUG org.springframework.test.context.support.AbstractDirtiesContextTestExecutionListener - Before test class: context [DefaultTestContext@c237980 testClass = UserControllerTest, testInstance = [null], testMethod = [null], testException = [null], mergedContextConfiguration = [WebMergedContextConfiguration@38412a1b testClass = UserControllerTest, locations = '{}', classes = '{class com.example.accessingdatamysql.AccessingDataMysqlApplication}', contextInitializerClasses = '[]', activeProfiles = '{}', propertySourceLocations = '{}', propertySourceProperties = '{org.springframework.boot.test.context.SpringBootTestContextBootstrapper=true}', contextCustomizers = set[org.springframework.boot.test.autoconfigure.properties.PropertyMappingContextCustomizer@0, org.springframework.boot.test.autoconfigure.web.servlet.WebDriverContextCustomizerFactory$Customizer@6e00776, org.springframework.boot.test.context.filter.ExcludeFilterContextCustomizer@18f50a47, org.springframework.boot.test.json.DuplicateJsonObjectContextCustomizerFactory$DuplicateJsonObjectContextCustomizer@6942bcca, org.springframework.boot.test.mock.mockito.MockitoContextCustomizer@914fbc92, org.springframework.boot.test.web.client.TestRestTemplateContextCustomizer@4578c5f8, org.springframework.boot.test.context.SpringBootTestArgs@1], resourceBasePath = 'src/main/webapp', contextLoader = 'org.springframework.boot.test.context.SpringBootContextLoader', parent = [null]], attributes = map['org.springframework.test.context.web.ServletTestExecutionListener.activateListener' -> true]], class annotated with @DirtiesContext [false] with mode [null].
21:53:17.881 [Test worker] DEBUG org.springframework.test.context.support.TestPropertySourceUtils - Adding inlined properties to environment: {spring.jmx.enabled=false, org.springframework.boot.test.context.SpringBootTestContextBootstrapper=true}

  .   ____          _            __ _ _
 /\\ / ___'_ __ _ _(_)_ __  __ _ \ \ \ \
( ( )\___ | '_ | '_| | '_ \/ _` | \ \ \ \
 \\/  ___)| |_)| | | | | || (_| |  ) ) ) )
  '  |____| .__|_| |_|_| |_\__, | / / / /
 =========|_|==============|___/=/_/_/_/
 :: Spring Boot ::        (v2.3.2.RELEASE)

2020-10-25 21:53:18.104  INFO 10520 --- [    Test worker] c.e.a.Controllers.UserControllerTest     : Starting UserControllerTest on DESKTOP-CP7O3R7 with PID 10520 (started by jakit in C:\Users\jakit\INDIVIDUAL\tennis-website\individual-assignment-db)
2020-10-25 21:53:18.106  INFO 10520 --- [    Test worker] c.e.a.Controllers.UserControllerTest     : No active profile set, falling back to default profiles: default
2020-10-25 21:53:18.606  INFO 10520 --- [    Test worker] .s.d.r.c.RepositoryConfigurationDelegate : Bootstrapping Spring Data JPA repositories in DEFERRED mode.
2020-10-25 21:53:18.677  INFO 10520 --- [    Test worker] .s.d.r.c.RepositoryConfigurationDelegate : Finished Spring Data repository scanning in 61ms. Found 5 JPA repository interfaces.
2020-10-25 21:53:19.514  INFO 10520 --- [    Test worker] o.s.s.concurrent.ThreadPoolTaskExecutor  : Initializing ExecutorService 'applicationTaskExecutor'
2020-10-25 21:53:19.571  INFO 10520 --- [         task-1] o.hibernate.jpa.internal.util.LogHelper  : HHH000204: Processing PersistenceUnitInfo [name: default]
2020-10-25 21:53:19.618  INFO 10520 --- [         task-1] org.hibernate.Version                    : HHH000412: Hibernate ORM core version 5.4.18.Final
2020-10-25 21:53:19.672  INFO 10520 --- [         task-1] o.hibernate.annotations.common.Version   : HCANN000001: Hibernate Commons Annotations {5.1.0.Final}
2020-10-25 21:53:19.796  INFO 10520 --- [         task-1] com.zaxxer.hikari.HikariDataSource       : HikariPool-1 - Starting...
2020-10-25 21:53:19.816  WARN 10520 --- [    Test worker] JpaBaseConfiguration$JpaWebConfiguration : spring.jpa.open-in-view is enabled by default. Therefore, database queries may be performed during view rendering. Explicitly configure spring.jpa.open-in-view to disable this warning
2020-10-25 21:53:19.970  INFO 10520 --- [         task-1] com.zaxxer.hikari.HikariDataSource       : HikariPool-1 - Start completed.
2020-10-25 21:53:19.991  INFO 10520 --- [         task-1] org.hibernate.dialect.Dialect            : HHH000400: Using dialect: org.hibernate.dialect.MySQL5Dialect
2020-10-25 21:53:20.207  INFO 10520 --- [    Test worker] o.s.b.a.w.s.WelcomePageHandlerMapping    : Adding welcome page: class path resource [static/index.html]
2020-10-25 21:53:20.468  INFO 10520 --- [    Test worker] DeferredRepositoryInitializationListener : Triggering deferred initialization of Spring Data repositories…
Hibernate: alter table comment add constraint FKs1slvnkuemjsq2kj4h3vhx7i1 foreign key (post_id) references post (post_id)
Hibernate: alter table comment add constraint FK8kcum44fvpupyw6f5baccx25c foreign key (user_id) references user (user_id)
Hibernate: alter table product add constraint FK1mtsbur82frn64de7balymq9s foreign key (category_id) references category (category_id)
2020-10-25 21:53:20.777  INFO 10520 --- [         task-1] o.h.e.t.j.p.i.JtaPlatformInitiator       : HHH000490: Using JtaPlatform implementation: [org.hibernate.engine.transaction.jta.platform.internal.NoJtaPlatform]
2020-10-25 21:53:20.784  INFO 10520 --- [         task-1] j.LocalContainerEntityManagerFactoryBean : Initialized JPA EntityManagerFactory for persistence unit 'default'
2020-10-25 21:53:21.071  INFO 10520 --- [    Test worker] DeferredRepositoryInitializationListener : Spring Data repositories initialized!
2020-10-25 21:53:21.078  INFO 10520 --- [    Test worker] c.e.a.Controllers.UserControllerTest     : Started UserControllerTest in 3.19 seconds (JVM running for 4.234)
]]></system-out>
  <system-err><![CDATA[]]></system-err>
</testsuite>
