<?xml version="1.0" encoding="UTF-8"?>
<testsuite name="com.example.accessingdatamysql.Controllers.CategoryControllerTest" tests="2" skipped="0" failures="0" errors="0" timestamp="2021-01-18T09:36:37" hostname="DESKTOP-THMDKJJ" time="0.073">
  <properties/>
  <testcase name="deleteCategory()" classname="com.example.accessingdatamysql.Controllers.CategoryControllerTest" time="0.067"/>
  <testcase name="updateCategory()" classname="com.example.accessingdatamysql.Controllers.CategoryControllerTest" time="0.005"/>
  <system-out><![CDATA[10:36:31.656 [Test worker] DEBUG org.springframework.test.context.BootstrapUtils - Instantiating CacheAwareContextLoaderDelegate from class [org.springframework.test.context.cache.DefaultCacheAwareContextLoaderDelegate]
10:36:31.668 [Test worker] DEBUG org.springframework.test.context.BootstrapUtils - Instantiating BootstrapContext using constructor [public org.springframework.test.context.support.DefaultBootstrapContext(java.lang.Class,org.springframework.test.context.CacheAwareContextLoaderDelegate)]
10:36:31.692 [Test worker] DEBUG org.springframework.test.context.BootstrapUtils - Instantiating TestContextBootstrapper for test class [com.example.accessingdatamysql.Controllers.CategoryControllerTest] from class [org.springframework.boot.test.context.SpringBootTestContextBootstrapper]
10:36:31.708 [Test worker] INFO org.springframework.boot.test.context.SpringBootTestContextBootstrapper - Neither @ContextConfiguration nor @ContextHierarchy found for test class [com.example.accessingdatamysql.Controllers.CategoryControllerTest], using SpringBootContextLoader
10:36:31.712 [Test worker] DEBUG org.springframework.test.context.support.AbstractContextLoader - Did not detect default resource location for test class [com.example.accessingdatamysql.Controllers.CategoryControllerTest]: class path resource [com/example/accessingdatamysql/Controllers/CategoryControllerTest-context.xml] does not exist
10:36:31.713 [Test worker] DEBUG org.springframework.test.context.support.AbstractContextLoader - Did not detect default resource location for test class [com.example.accessingdatamysql.Controllers.CategoryControllerTest]: class path resource [com/example/accessingdatamysql/Controllers/CategoryControllerTestContext.groovy] does not exist
10:36:31.713 [Test worker] INFO org.springframework.test.context.support.AbstractContextLoader - Could not detect default resource locations for test class [com.example.accessingdatamysql.Controllers.CategoryControllerTest]: no resource found for suffixes {-context.xml, Context.groovy}.
10:36:31.714 [Test worker] INFO org.springframework.test.context.support.AnnotationConfigContextLoaderUtils - Could not detect default configuration classes for test class [com.example.accessingdatamysql.Controllers.CategoryControllerTest]: CategoryControllerTest does not declare any static, non-private, non-final, nested classes annotated with @Configuration.
10:36:31.762 [Test worker] DEBUG org.springframework.test.context.support.ActiveProfilesUtils - Could not find an 'annotation declaring class' for annotation type [org.springframework.test.context.ActiveProfiles] and class [com.example.accessingdatamysql.Controllers.CategoryControllerTest]
10:36:31.838 [Test worker] DEBUG org.springframework.context.annotation.ClassPathScanningCandidateComponentProvider - Identified candidate component class: file [C:\Users\jakit\INDIVIDUAL\tennis-website\individual-assignment-db\build\classes\java\main\com\example\accessingdatamysql\AccessingDataMysqlApplication.class]
10:36:31.839 [Test worker] INFO org.springframework.boot.test.context.SpringBootTestContextBootstrapper - Found @SpringBootConfiguration com.example.accessingdatamysql.AccessingDataMysqlApplication for test class com.example.accessingdatamysql.Controllers.CategoryControllerTest
10:36:31.923 [Test worker] DEBUG org.springframework.boot.test.context.SpringBootTestContextBootstrapper - @TestExecutionListeners is not present for class [com.example.accessingdatamysql.Controllers.CategoryControllerTest]: using defaults.
10:36:31.923 [Test worker] INFO org.springframework.boot.test.context.SpringBootTestContextBootstrapper - Loaded default TestExecutionListener class names from location [META-INF/spring.factories]: [org.springframework.security.test.context.support.WithSecurityContextTestExecutionListener, org.springframework.security.test.context.support.ReactorContextTestExecutionListener, org.springframework.boot.test.autoconfigure.restdocs.RestDocsTestExecutionListener, org.springframework.boot.test.autoconfigure.web.client.MockRestServiceServerResetTestExecutionListener, org.springframework.boot.test.autoconfigure.web.servlet.MockMvcPrintOnlyOnFailureTestExecutionListener, org.springframework.boot.test.autoconfigure.web.servlet.WebDriverTestExecutionListener, org.springframework.boot.test.autoconfigure.webservices.client.MockWebServiceServerTestExecutionListener, org.springframework.boot.test.mock.mockito.MockitoTestExecutionListener, org.springframework.boot.test.mock.mockito.ResetMocksTestExecutionListener, org.springframework.test.context.web.ServletTestExecutionListener, org.springframework.test.context.support.DirtiesContextBeforeModesTestExecutionListener, org.springframework.test.context.support.DependencyInjectionTestExecutionListener, org.springframework.test.context.support.DirtiesContextTestExecutionListener, org.springframework.test.context.transaction.TransactionalTestExecutionListener, org.springframework.test.context.jdbc.SqlScriptsTestExecutionListener, org.springframework.test.context.event.EventPublishingTestExecutionListener]
10:36:31.939 [Test worker] INFO org.springframework.boot.test.context.SpringBootTestContextBootstrapper - Using TestExecutionListeners: [org.springframework.test.context.web.ServletTestExecutionListener@36174a1, org.springframework.test.context.support.DirtiesContextBeforeModesTestExecutionListener@77a9216, org.springframework.boot.test.mock.mockito.MockitoTestExecutionListener@34a41df5, org.springframework.boot.test.autoconfigure.SpringBootDependencyInjectionTestExecutionListener@58644e25, org.springframework.test.context.support.DirtiesContextTestExecutionListener@5028edf4, org.springframework.test.context.transaction.TransactionalTestExecutionListener@3912fc5, org.springframework.test.context.jdbc.SqlScriptsTestExecutionListener@174ed1f7, org.springframework.security.test.context.support.WithSecurityContextTestExecutionListener@6da1b05d, org.springframework.test.context.event.EventPublishingTestExecutionListener@7af1b750, org.springframework.security.test.context.support.ReactorContextTestExecutionListener@709450cc, org.springframework.boot.test.autoconfigure.restdocs.RestDocsTestExecutionListener@11b4e640, org.springframework.boot.test.autoconfigure.web.client.MockRestServiceServerResetTestExecutionListener@71f79f73, org.springframework.boot.test.autoconfigure.web.servlet.MockMvcPrintOnlyOnFailureTestExecutionListener@64bed2a, org.springframework.boot.test.autoconfigure.web.servlet.WebDriverTestExecutionListener@540bdf1f, org.springframework.boot.test.autoconfigure.webservices.client.MockWebServiceServerTestExecutionListener@623ba538, org.springframework.boot.test.mock.mockito.ResetMocksTestExecutionListener@2ffaa20b]
10:36:31.942 [Test worker] DEBUG org.springframework.test.context.support.AbstractDirtiesContextTestExecutionListener - Before test class: context [DefaultTestContext@5a5b8352 testClass = CategoryControllerTest, testInstance = [null], testMethod = [null], testException = [null], mergedContextConfiguration = [WebMergedContextConfiguration@8dcae33 testClass = CategoryControllerTest, locations = '{}', classes = '{class com.example.accessingdatamysql.AccessingDataMysqlApplication}', contextInitializerClasses = '[]', activeProfiles = '{}', propertySourceLocations = '{}', propertySourceProperties = '{org.springframework.boot.test.context.SpringBootTestContextBootstrapper=true}', contextCustomizers = set[org.springframework.boot.test.autoconfigure.properties.PropertyMappingContextCustomizer@0, org.springframework.boot.test.autoconfigure.web.servlet.WebDriverContextCustomizerFactory$Customizer@7d4b20c1, org.springframework.boot.test.context.filter.ExcludeFilterContextCustomizer@6e51451c, org.springframework.boot.test.json.DuplicateJsonObjectContextCustomizerFactory$DuplicateJsonObjectContextCustomizer@3180bfe1, org.springframework.boot.test.mock.mockito.MockitoContextCustomizer@f147727a, org.springframework.boot.test.web.client.TestRestTemplateContextCustomizer@539235e, org.springframework.boot.test.context.SpringBootTestArgs@1], resourceBasePath = 'src/main/webapp', contextLoader = 'org.springframework.boot.test.context.SpringBootContextLoader', parent = [null]], attributes = map['org.springframework.test.context.web.ServletTestExecutionListener.activateListener' -> true]], class annotated with @DirtiesContext [false] with mode [null].
10:36:31.965 [Test worker] DEBUG org.springframework.test.context.support.TestPropertySourceUtils - Adding inlined properties to environment: {spring.jmx.enabled=false, org.springframework.boot.test.context.SpringBootTestContextBootstrapper=true}

  .   ____          _            __ _ _
 /\\ / ___'_ __ _ _(_)_ __  __ _ \ \ \ \
( ( )\___ | '_ | '_| | '_ \/ _` | \ \ \ \
 \\/  ___)| |_)| | | | | || (_| |  ) ) ) )
  '  |____| .__|_| |_|_| |_\__, | / / / /
 =========|_|==============|___/=/_/_/_/
 :: Spring Boot ::        (v2.3.2.RELEASE)

2021-01-18 10:36:32.193  INFO 12656 --- [    Test worker] c.e.a.C.CategoryControllerTest           : Starting CategoryControllerTest on DESKTOP-THMDKJJ with PID 12656 (started by jakit in C:\Users\jakit\INDIVIDUAL\tennis-website\individual-assignment-db)
2021-01-18 10:36:32.194  INFO 12656 --- [    Test worker] c.e.a.C.CategoryControllerTest           : No active profile set, falling back to default profiles: default
2021-01-18 10:36:32.845  INFO 12656 --- [    Test worker] .s.d.r.c.RepositoryConfigurationDelegate : Bootstrapping Spring Data JPA repositories in DEFERRED mode.
2021-01-18 10:36:32.945  INFO 12656 --- [    Test worker] .s.d.r.c.RepositoryConfigurationDelegate : Finished Spring Data repository scanning in 89ms. Found 5 JPA repository interfaces.
2021-01-18 10:36:33.773  INFO 12656 --- [    Test worker] trationDelegate$BeanPostProcessorChecker : Bean 'org.springframework.security.access.expression.method.DefaultMethodSecurityExpressionHandler@674bcc1b' of type [org.springframework.security.access.expression.method.DefaultMethodSecurityExpressionHandler] is not eligible for getting processed by all BeanPostProcessors (for example: not eligible for auto-proxying)
2021-01-18 10:36:33.786  INFO 12656 --- [    Test worker] trationDelegate$BeanPostProcessorChecker : Bean 'methodSecurityMetadataSource' of type [org.springframework.security.access.method.DelegatingMethodSecurityMetadataSource] is not eligible for getting processed by all BeanPostProcessors (for example: not eligible for auto-proxying)
2021-01-18 10:36:34.073  INFO 12656 --- [    Test worker] o.hibernate.jpa.internal.util.LogHelper  : HHH000204: Processing PersistenceUnitInfo [name: default]
2021-01-18 10:36:34.139  INFO 12656 --- [    Test worker] org.hibernate.Version                    : HHH000412: Hibernate ORM core version 5.4.18.Final
2021-01-18 10:36:34.190  INFO 12656 --- [    Test worker] o.hibernate.annotations.common.Version   : HCANN000001: Hibernate Commons Annotations {5.1.0.Final}
2021-01-18 10:36:34.317  INFO 12656 --- [    Test worker] com.zaxxer.hikari.HikariDataSource       : HikariPool-1 - Starting...
2021-01-18 10:36:34.495  INFO 12656 --- [    Test worker] com.zaxxer.hikari.HikariDataSource       : HikariPool-1 - Start completed.
2021-01-18 10:36:34.515  INFO 12656 --- [    Test worker] org.hibernate.dialect.Dialect            : HHH000400: Using dialect: org.hibernate.dialect.MySQL5Dialect
Hibernate: alter table products add constraint FKog2rp4qthbtt2lfyhfo32lsw9 foreign key (category_id) references categories (category_id)
Hibernate: alter table purchases add constraint FKm0ndjymn9p747pfp4515pio8i foreign key (user_id) references users (id)
Hibernate: alter table user_roles add constraint FKh8ciramu9cc9q3qcqiv4ue8a6 foreign key (role_id) references roles (id)
Hibernate: alter table user_roles add constraint FKdbvuadud2ojo5h5eophd815rv foreign key (user_auth_id) references users (id)
2021-01-18 10:36:35.160  INFO 12656 --- [    Test worker] o.h.e.t.j.p.i.JtaPlatformInitiator       : HHH000490: Using JtaPlatform implementation: [org.hibernate.engine.transaction.jta.platform.internal.NoJtaPlatform]
2021-01-18 10:36:35.169  INFO 12656 --- [    Test worker] j.LocalContainerEntityManagerFactoryBean : Initialized JPA EntityManagerFactory for persistence unit 'default'
2021-01-18 10:36:35.242  WARN 12656 --- [    Test worker] JpaBaseConfiguration$JpaWebConfiguration : spring.jpa.open-in-view is enabled by default. Therefore, database queries may be performed during view rendering. Explicitly configure spring.jpa.open-in-view to disable this warning
2021-01-18 10:36:35.819  INFO 12656 --- [    Test worker] o.s.s.concurrent.ThreadPoolTaskExecutor  : Initializing ExecutorService 'clientInboundChannelExecutor'
2021-01-18 10:36:35.835  INFO 12656 --- [    Test worker] o.s.s.concurrent.ThreadPoolTaskExecutor  : Initializing ExecutorService 'clientOutboundChannelExecutor'
2021-01-18 10:36:35.866  INFO 12656 --- [    Test worker] o.s.s.c.ThreadPoolTaskScheduler          : Initializing ExecutorService 'messageBrokerTaskScheduler'
2021-01-18 10:36:36.063  INFO 12656 --- [    Test worker] o.s.b.a.w.s.WelcomePageHandlerMapping    : Adding welcome page: class path resource [static/index.html]
2021-01-18 10:36:36.610  INFO 12656 --- [    Test worker] o.s.s.web.DefaultSecurityFilterChain     : Creating filter chain: any request, [org.springframework.security.web.context.request.async.WebAsyncManagerIntegrationFilter@64300a55, org.springframework.security.web.context.SecurityContextPersistenceFilter@5f5174ff, org.springframework.security.web.header.HeaderWriterFilter@3c9be63b, org.springframework.web.filter.CorsFilter@3ebfecc9, org.springframework.security.web.authentication.logout.LogoutFilter@2d741ef3, com.example.accessingdatamysql.security.jwt.AuthTokenFilter@523d36a3, org.springframework.security.web.savedrequest.RequestCacheAwareFilter@4384c823, org.springframework.security.web.servletapi.SecurityContextHolderAwareRequestFilter@4dbe2307, org.springframework.security.web.authentication.AnonymousAuthenticationFilter@522d7e0f, org.springframework.security.web.session.SessionManagementFilter@60f6fed, org.springframework.security.web.access.ExceptionTranslationFilter@e3f59ba, org.springframework.security.web.access.intercept.FilterSecurityInterceptor@bd7d69d]
2021-01-18 10:36:36.633  INFO 12656 --- [    Test worker] o.s.s.concurrent.ThreadPoolTaskExecutor  : Initializing ExecutorService 'brokerChannelExecutor'
2021-01-18 10:36:37.350  INFO 12656 --- [    Test worker] o.s.m.s.b.SimpleBrokerMessageHandler     : Starting...
2021-01-18 10:36:37.351  INFO 12656 --- [    Test worker] o.s.m.s.b.SimpleBrokerMessageHandler     : BrokerAvailabilityEvent[available=true, SimpleBrokerMessageHandler [DefaultSubscriptionRegistry[cache[0 destination(s)], registry[0 sessions]]]]
2021-01-18 10:36:37.351  INFO 12656 --- [    Test worker] o.s.m.s.b.SimpleBrokerMessageHandler     : Started.
2021-01-18 10:36:37.352  INFO 12656 --- [    Test worker] DeferredRepositoryInitializationListener : Triggering deferred initialization of Spring Data repositories…
2021-01-18 10:36:37.825  INFO 12656 --- [    Test worker] DeferredRepositoryInitializationListener : Spring Data repositories initialized!
2021-01-18 10:36:37.835  INFO 12656 --- [    Test worker] c.e.a.C.CategoryControllerTest           : Started CategoryControllerTest in 5.861 seconds (JVM running for 6.986)
]]></system-out>
  <system-err><![CDATA[]]></system-err>
</testsuite>
