<?xml version="1.0" encoding="UTF-8"?>
<testsuite name="com.example.accessingdatamysql.Services.PurchaseServiceTest" tests="3" skipped="0" failures="0" errors="0" timestamp="2021-01-17T21:03:15" hostname="DESKTOP-THMDKJJ" time="0.026">
  <properties/>
  <testcase name="findAll()" classname="com.example.accessingdatamysql.Services.PurchaseServiceTest" time="0.018"/>
  <testcase name="findById()" classname="com.example.accessingdatamysql.Services.PurchaseServiceTest" time="0.001"/>
  <testcase name="save()" classname="com.example.accessingdatamysql.Services.PurchaseServiceTest" time="0.006"/>
  <system-out><![CDATA[]]></system-out>
  <system-err><![CDATA[]]></system-err>
</testsuite>
