<?xml version="1.0" encoding="UTF-8"?>
<testsuite name="com.example.accessingdatamysql.modelsTemp.ProductTest" tests="6" skipped="0" failures="0" errors="0" timestamp="2020-11-19T23:29:54" hostname="DESKTOP-THMDKJJ" time="0.02">
  <properties/>
  <testcase name="getProductName()" classname="com.example.accessingdatamysql.modelsTemp.ProductTest" time="0.004"/>
  <testcase name="getProductId()" classname="com.example.accessingdatamysql.modelsTemp.ProductTest" time="0.003"/>
  <testcase name="setProductName()" classname="com.example.accessingdatamysql.modelsTemp.ProductTest" time="0.003"/>
  <testcase name="setProductId()" classname="com.example.accessingdatamysql.modelsTemp.ProductTest" time="0.002"/>
  <testcase name="setPrice()" classname="com.example.accessingdatamysql.modelsTemp.ProductTest" time="0.002"/>
  <testcase name="getPrice()" classname="com.example.accessingdatamysql.modelsTemp.ProductTest" time="0.002"/>
  <system-out><![CDATA[2020-11-20 00:29:54.150  INFO 9620 --- [    Test worker] .b.t.c.SpringBootTestContextBootstrapper : Neither @ContextConfiguration nor @ContextHierarchy found for test class [com.example.accessingdatamysql.modelsTemp.ProductTest], using SpringBootContextLoader
2020-11-20 00:29:54.151  INFO 9620 --- [    Test worker] o.s.t.c.support.AbstractContextLoader    : Could not detect default resource locations for test class [com.example.accessingdatamysql.modelsTemp.ProductTest]: no resource found for suffixes {-context.xml, Context.groovy}.
2020-11-20 00:29:54.151  INFO 9620 --- [    Test worker] t.c.s.AnnotationConfigContextLoaderUtils : Could not detect default configuration classes for test class [com.example.accessingdatamysql.modelsTemp.ProductTest]: ProductTest does not declare any static, non-private, non-final, nested classes annotated with @Configuration.
2020-11-20 00:29:54.152  INFO 9620 --- [    Test worker] .b.t.c.SpringBootTestContextBootstrapper : Found @SpringBootConfiguration com.example.accessingdatamysql.AccessingDataMysqlApplication for test class com.example.accessingdatamysql.modelsTemp.ProductTest
2020-11-20 00:29:54.154  INFO 9620 --- [    Test worker] .b.t.c.SpringBootTestContextBootstrapper : Loaded default TestExecutionListener class names from location [META-INF/spring.factories]: [org.springframework.security.test.context.support.WithSecurityContextTestExecutionListener, org.springframework.security.test.context.support.ReactorContextTestExecutionListener, org.springframework.boot.test.autoconfigure.restdocs.RestDocsTestExecutionListener, org.springframework.boot.test.autoconfigure.web.client.MockRestServiceServerResetTestExecutionListener, org.springframework.boot.test.autoconfigure.web.servlet.MockMvcPrintOnlyOnFailureTestExecutionListener, org.springframework.boot.test.autoconfigure.web.servlet.WebDriverTestExecutionListener, org.springframework.boot.test.autoconfigure.webservices.client.MockWebServiceServerTestExecutionListener, org.springframework.boot.test.mock.mockito.MockitoTestExecutionListener, org.springframework.boot.test.mock.mockito.ResetMocksTestExecutionListener, org.springframework.test.context.web.ServletTestExecutionListener, org.springframework.test.context.support.DirtiesContextBeforeModesTestExecutionListener, org.springframework.test.context.support.DependencyInjectionTestExecutionListener, org.springframework.test.context.support.DirtiesContextTestExecutionListener, org.springframework.test.context.transaction.TransactionalTestExecutionListener, org.springframework.test.context.jdbc.SqlScriptsTestExecutionListener, org.springframework.test.context.event.EventPublishingTestExecutionListener]
2020-11-20 00:29:54.154  INFO 9620 --- [    Test worker] .b.t.c.SpringBootTestContextBootstrapper : Using TestExecutionListeners: [org.springframework.test.context.web.ServletTestExecutionListener@11d395f5, org.springframework.test.context.support.DirtiesContextBeforeModesTestExecutionListener@7ca8e25c, org.springframework.boot.test.mock.mockito.MockitoTestExecutionListener@6ffcb4d1, org.springframework.boot.test.autoconfigure.SpringBootDependencyInjectionTestExecutionListener@4093c14b, org.springframework.test.context.support.DirtiesContextTestExecutionListener@4d628891, org.springframework.test.context.transaction.TransactionalTestExecutionListener@76e32963, org.springframework.test.context.jdbc.SqlScriptsTestExecutionListener@7c335152, org.springframework.security.test.context.support.WithSecurityContextTestExecutionListener@22745e06, org.springframework.test.context.event.EventPublishingTestExecutionListener@7b8b6cd9, org.springframework.security.test.context.support.ReactorContextTestExecutionListener@14ccfafa, org.springframework.boot.test.autoconfigure.restdocs.RestDocsTestExecutionListener@729390f0, org.springframework.boot.test.autoconfigure.web.client.MockRestServiceServerResetTestExecutionListener@721774ca, org.springframework.boot.test.autoconfigure.web.servlet.MockMvcPrintOnlyOnFailureTestExecutionListener@52da33f5, org.springframework.boot.test.autoconfigure.web.servlet.WebDriverTestExecutionListener@2132087e, org.springframework.boot.test.autoconfigure.webservices.client.MockWebServiceServerTestExecutionListener@4fc818b8, org.springframework.boot.test.mock.mockito.ResetMocksTestExecutionListener@6b084af]
]]></system-out>
  <system-err><![CDATA[]]></system-err>
</testsuite>
