<?xml version="1.0" encoding="UTF-8"?>
<testsuite name="com.example.accessingdatamysql.Controllers.ProductControllerTest" tests="6" skipped="0" failures="0" errors="0" timestamp="2020-11-19T23:29:51" hostname="DESKTOP-THMDKJJ" time="0.047">
  <properties/>
  <testcase name="deleteActualProduct()" classname="com.example.accessingdatamysql.Controllers.ProductControllerTest" time="0.007"/>
  <testcase name="findProductByName()" classname="com.example.accessingdatamysql.Controllers.ProductControllerTest" time="0.013"/>
  <testcase name="getAllProductsWhenThereAreNone()" classname="com.example.accessingdatamysql.Controllers.ProductControllerTest" time="0.005"/>
  <testcase name="getAllProductsWhenThereAreSome()" classname="com.example.accessingdatamysql.Controllers.ProductControllerTest" time="0.005"/>
  <testcase name="updateExistingProduct()" classname="com.example.accessingdatamysql.Controllers.ProductControllerTest" time="0.004"/>
  <testcase name="productNotFound()" classname="com.example.accessingdatamysql.Controllers.ProductControllerTest" time="0.006"/>
  <system-out><![CDATA[2020-11-20 00:29:50.055  INFO 9620 --- [    Test worker] .b.t.c.SpringBootTestContextBootstrapper : Neither @ContextConfiguration nor @ContextHierarchy found for test class [com.example.accessingdatamysql.Controllers.ProductControllerTest], using SpringBootContextLoader
2020-11-20 00:29:50.057  INFO 9620 --- [    Test worker] o.s.t.c.support.AbstractContextLoader    : Could not detect default resource locations for test class [com.example.accessingdatamysql.Controllers.ProductControllerTest]: no resource found for suffixes {-context.xml, Context.groovy}.
2020-11-20 00:29:50.057  INFO 9620 --- [    Test worker] t.c.s.AnnotationConfigContextLoaderUtils : Could not detect default configuration classes for test class [com.example.accessingdatamysql.Controllers.ProductControllerTest]: ProductControllerTest does not declare any static, non-private, non-final, nested classes annotated with @Configuration.
2020-11-20 00:29:50.059  INFO 9620 --- [    Test worker] .b.t.c.SpringBootTestContextBootstrapper : Found @SpringBootConfiguration com.example.accessingdatamysql.AccessingDataMysqlApplication for test class com.example.accessingdatamysql.Controllers.ProductControllerTest
2020-11-20 00:29:50.061  INFO 9620 --- [    Test worker] .b.t.c.SpringBootTestContextBootstrapper : Loaded default TestExecutionListener class names from location [META-INF/spring.factories]: [org.springframework.security.test.context.support.WithSecurityContextTestExecutionListener, org.springframework.security.test.context.support.ReactorContextTestExecutionListener, org.springframework.boot.test.autoconfigure.restdocs.RestDocsTestExecutionListener, org.springframework.boot.test.autoconfigure.web.client.MockRestServiceServerResetTestExecutionListener, org.springframework.boot.test.autoconfigure.web.servlet.MockMvcPrintOnlyOnFailureTestExecutionListener, org.springframework.boot.test.autoconfigure.web.servlet.WebDriverTestExecutionListener, org.springframework.boot.test.autoconfigure.webservices.client.MockWebServiceServerTestExecutionListener, org.springframework.boot.test.mock.mockito.MockitoTestExecutionListener, org.springframework.boot.test.mock.mockito.ResetMocksTestExecutionListener, org.springframework.test.context.web.ServletTestExecutionListener, org.springframework.test.context.support.DirtiesContextBeforeModesTestExecutionListener, org.springframework.test.context.support.DependencyInjectionTestExecutionListener, org.springframework.test.context.support.DirtiesContextTestExecutionListener, org.springframework.test.context.transaction.TransactionalTestExecutionListener, org.springframework.test.context.jdbc.SqlScriptsTestExecutionListener, org.springframework.test.context.event.EventPublishingTestExecutionListener]
2020-11-20 00:29:50.062  INFO 9620 --- [    Test worker] .b.t.c.SpringBootTestContextBootstrapper : Using TestExecutionListeners: [org.springframework.test.context.web.ServletTestExecutionListener@308db2e, org.springframework.test.context.support.DirtiesContextBeforeModesTestExecutionListener@7e98cab1, org.springframework.boot.test.mock.mockito.MockitoTestExecutionListener@47423069, org.springframework.boot.test.autoconfigure.SpringBootDependencyInjectionTestExecutionListener@6ab77ce1, org.springframework.test.context.support.DirtiesContextTestExecutionListener@2fa31b32, org.springframework.test.context.transaction.TransactionalTestExecutionListener@17569135, org.springframework.test.context.jdbc.SqlScriptsTestExecutionListener@41c12ace, org.springframework.security.test.context.support.WithSecurityContextTestExecutionListener@10c00663, org.springframework.test.context.event.EventPublishingTestExecutionListener@278df5c2, org.springframework.security.test.context.support.ReactorContextTestExecutionListener@4f1173f, org.springframework.boot.test.autoconfigure.restdocs.RestDocsTestExecutionListener@4c2eca35, org.springframework.boot.test.autoconfigure.web.client.MockRestServiceServerResetTestExecutionListener@5ccd3ecd, org.springframework.boot.test.autoconfigure.web.servlet.MockMvcPrintOnlyOnFailureTestExecutionListener@14a6e373, org.springframework.boot.test.autoconfigure.web.servlet.WebDriverTestExecutionListener@18e25637, org.springframework.boot.test.autoconfigure.webservices.client.MockWebServiceServerTestExecutionListener@2227587c, org.springframework.boot.test.mock.mockito.ResetMocksTestExecutionListener@17a931a3]

  .   ____          _            __ _ _
 /\\ / ___'_ __ _ _(_)_ __  __ _ \ \ \ \
( ( )\___ | '_ | '_| | '_ \/ _` | \ \ \ \
 \\/  ___)| |_)| | | | | || (_| |  ) ) ) )
  '  |____| .__|_| |_|_| |_\__, | / / / /
 =========|_|==============|___/=/_/_/_/
 :: Spring Boot ::        (v2.3.2.RELEASE)

2020-11-20 00:29:50.111  INFO 9620 --- [    Test worker] c.e.a.Controllers.ProductControllerTest  : Starting ProductControllerTest on DESKTOP-THMDKJJ with PID 9620 (started by jakit in C:\Users\jakit\INDIVIDUAL\tennis-website\individual-assignment-db)
2020-11-20 00:29:50.111  INFO 9620 --- [    Test worker] c.e.a.Controllers.ProductControllerTest  : No active profile set, falling back to default profiles: default
2020-11-20 00:29:50.332  INFO 9620 --- [    Test worker] .s.d.r.c.RepositoryConfigurationDelegate : Bootstrapping Spring Data JPA repositories in DEFERRED mode.
2020-11-20 00:29:50.364  INFO 9620 --- [    Test worker] .s.d.r.c.RepositoryConfigurationDelegate : Finished Spring Data repository scanning in 32ms. Found 6 JPA repository interfaces.
2020-11-20 00:29:50.487  INFO 9620 --- [    Test worker] trationDelegate$BeanPostProcessorChecker : Bean 'org.springframework.security.access.expression.method.DefaultMethodSecurityExpressionHandler@4c40a29c' of type [org.springframework.security.access.expression.method.DefaultMethodSecurityExpressionHandler] is not eligible for getting processed by all BeanPostProcessors (for example: not eligible for auto-proxying)
2020-11-20 00:29:50.496  INFO 9620 --- [    Test worker] trationDelegate$BeanPostProcessorChecker : Bean 'methodSecurityMetadataSource' of type [org.springframework.security.access.method.DelegatingMethodSecurityMetadataSource] is not eligible for getting processed by all BeanPostProcessors (for example: not eligible for auto-proxying)
2020-11-20 00:29:50.576  INFO 9620 --- [    Test worker] o.s.s.concurrent.ThreadPoolTaskExecutor  : Initializing ExecutorService 'applicationTaskExecutor'
2020-11-20 00:29:50.603  INFO 9620 --- [         task-1] o.hibernate.jpa.internal.util.LogHelper  : HHH000204: Processing PersistenceUnitInfo [name: default]
2020-11-20 00:29:50.613  INFO 9620 --- [         task-1] com.zaxxer.hikari.HikariDataSource       : HikariPool-2 - Starting...
2020-11-20 00:29:50.617  INFO 9620 --- [         task-1] com.zaxxer.hikari.HikariDataSource       : HikariPool-2 - Start completed.
2020-11-20 00:29:50.617  INFO 9620 --- [         task-1] org.hibernate.dialect.Dialect            : HHH000400: Using dialect: org.hibernate.dialect.MySQL5Dialect
2020-11-20 00:29:50.663  WARN 9620 --- [    Test worker] JpaBaseConfiguration$JpaWebConfiguration : spring.jpa.open-in-view is enabled by default. Therefore, database queries may be performed during view rendering. Explicitly configure spring.jpa.open-in-view to disable this warning
Hibernate: alter table comment add constraint FKs1slvnkuemjsq2kj4h3vhx7i1 foreign key (post_id) references post (post_id)
Hibernate: alter table comment add constraint FKqm52p1v3o13hy268he0wcngr5 foreign key (user_id) references users (id)
Hibernate: alter table product add constraint FK1mtsbur82frn64de7balymq9s foreign key (category_id) references category (category_id)
Hibernate: alter table user_roles add constraint FKh8ciramu9cc9q3qcqiv4ue8a6 foreign key (role_id) references roles (id)
Hibernate: alter table user_roles add constraint FKdbvuadud2ojo5h5eophd815rv foreign key (user_auth_id) references users (id)
2020-11-20 00:29:50.953  INFO 9620 --- [    Test worker] o.s.b.a.w.s.WelcomePageHandlerMapping    : Adding welcome page: class path resource [static/index.html]
2020-11-20 00:29:50.955  INFO 9620 --- [         task-1] o.h.e.t.j.p.i.JtaPlatformInitiator       : HHH000490: Using JtaPlatform implementation: [org.hibernate.engine.transaction.jta.platform.internal.NoJtaPlatform]
2020-11-20 00:29:50.957  INFO 9620 --- [         task-1] j.LocalContainerEntityManagerFactoryBean : Initialized JPA EntityManagerFactory for persistence unit 'default'
2020-11-20 00:29:51.080  INFO 9620 --- [    Test worker] o.s.s.web.DefaultSecurityFilterChain     : Creating filter chain: any request, [org.springframework.security.web.context.request.async.WebAsyncManagerIntegrationFilter@74f52f7e, org.springframework.security.web.context.SecurityContextPersistenceFilter@65d09b84, org.springframework.security.web.header.HeaderWriterFilter@601b06a6, org.springframework.web.filter.CorsFilter@25d252aa, org.springframework.security.web.authentication.logout.LogoutFilter@3ca92506, com.example.accessingdatamysql.security.jwt.AuthTokenFilter@21455b3d, org.springframework.security.web.savedrequest.RequestCacheAwareFilter@2075658c, org.springframework.security.web.servletapi.SecurityContextHolderAwareRequestFilter@18e37912, org.springframework.security.web.authentication.AnonymousAuthenticationFilter@6dbf7bfe, org.springframework.security.web.session.SessionManagementFilter@12eaf10e, org.springframework.security.web.access.ExceptionTranslationFilter@4d710230, org.springframework.security.web.access.intercept.FilterSecurityInterceptor@7781f2f7]
2020-11-20 00:29:51.339  INFO 9620 --- [    Test worker] DeferredRepositoryInitializationListener : Triggering deferred initialization of Spring Data repositories…
2020-11-20 00:29:51.454  INFO 9620 --- [    Test worker] DeferredRepositoryInitializationListener : Spring Data repositories initialized!
2020-11-20 00:29:51.458  INFO 9620 --- [    Test worker] c.e.a.Controllers.ProductControllerTest  : Started ProductControllerTest in 1.393 seconds (JVM running for 7.204)
]]></system-out>
  <system-err><![CDATA[]]></system-err>
</testsuite>
