<?xml version="1.0" encoding="UTF-8"?>
<testsuite name="com.example.accessingdatamysql.Controllers.CategoryControllerTest" tests="2" skipped="0" failures="0" errors="0" timestamp="2021-01-17T15:14:34" hostname="DESKTOP-THMDKJJ" time="0.063">
  <properties/>
  <testcase name="deleteCategory()" classname="com.example.accessingdatamysql.Controllers.CategoryControllerTest" time="0.058"/>
  <testcase name="updateCategory()" classname="com.example.accessingdatamysql.Controllers.CategoryControllerTest" time="0.004"/>
  <system-out><![CDATA[16:14:29.199 [Test worker] DEBUG org.springframework.test.context.BootstrapUtils - Instantiating CacheAwareContextLoaderDelegate from class [org.springframework.test.context.cache.DefaultCacheAwareContextLoaderDelegate]
16:14:29.209 [Test worker] DEBUG org.springframework.test.context.BootstrapUtils - Instantiating BootstrapContext using constructor [public org.springframework.test.context.support.DefaultBootstrapContext(java.lang.Class,org.springframework.test.context.CacheAwareContextLoaderDelegate)]
16:14:29.234 [Test worker] DEBUG org.springframework.test.context.BootstrapUtils - Instantiating TestContextBootstrapper for test class [com.example.accessingdatamysql.Controllers.CategoryControllerTest] from class [org.springframework.boot.test.context.SpringBootTestContextBootstrapper]
16:14:29.253 [Test worker] INFO org.springframework.boot.test.context.SpringBootTestContextBootstrapper - Neither @ContextConfiguration nor @ContextHierarchy found for test class [com.example.accessingdatamysql.Controllers.CategoryControllerTest], using SpringBootContextLoader
16:14:29.256 [Test worker] DEBUG org.springframework.test.context.support.AbstractContextLoader - Did not detect default resource location for test class [com.example.accessingdatamysql.Controllers.CategoryControllerTest]: class path resource [com/example/accessingdatamysql/Controllers/CategoryControllerTest-context.xml] does not exist
16:14:29.257 [Test worker] DEBUG org.springframework.test.context.support.AbstractContextLoader - Did not detect default resource location for test class [com.example.accessingdatamysql.Controllers.CategoryControllerTest]: class path resource [com/example/accessingdatamysql/Controllers/CategoryControllerTestContext.groovy] does not exist
16:14:29.257 [Test worker] INFO org.springframework.test.context.support.AbstractContextLoader - Could not detect default resource locations for test class [com.example.accessingdatamysql.Controllers.CategoryControllerTest]: no resource found for suffixes {-context.xml, Context.groovy}.
16:14:29.258 [Test worker] INFO org.springframework.test.context.support.AnnotationConfigContextLoaderUtils - Could not detect default configuration classes for test class [com.example.accessingdatamysql.Controllers.CategoryControllerTest]: CategoryControllerTest does not declare any static, non-private, non-final, nested classes annotated with @Configuration.
16:14:29.304 [Test worker] DEBUG org.springframework.test.context.support.ActiveProfilesUtils - Could not find an 'annotation declaring class' for annotation type [org.springframework.test.context.ActiveProfiles] and class [com.example.accessingdatamysql.Controllers.CategoryControllerTest]
16:14:29.386 [Test worker] DEBUG org.springframework.context.annotation.ClassPathScanningCandidateComponentProvider - Identified candidate component class: file [C:\Users\jakit\INDIVIDUAL\tennis-website\individual-assignment-db\build\classes\java\main\com\example\accessingdatamysql\AccessingDataMysqlApplication.class]
16:14:29.387 [Test worker] INFO org.springframework.boot.test.context.SpringBootTestContextBootstrapper - Found @SpringBootConfiguration com.example.accessingdatamysql.AccessingDataMysqlApplication for test class com.example.accessingdatamysql.Controllers.CategoryControllerTest
16:14:29.486 [Test worker] DEBUG org.springframework.boot.test.context.SpringBootTestContextBootstrapper - @TestExecutionListeners is not present for class [com.example.accessingdatamysql.Controllers.CategoryControllerTest]: using defaults.
16:14:29.487 [Test worker] INFO org.springframework.boot.test.context.SpringBootTestContextBootstrapper - Loaded default TestExecutionListener class names from location [META-INF/spring.factories]: [org.springframework.security.test.context.support.WithSecurityContextTestExecutionListener, org.springframework.security.test.context.support.ReactorContextTestExecutionListener, org.springframework.boot.test.autoconfigure.restdocs.RestDocsTestExecutionListener, org.springframework.boot.test.autoconfigure.web.client.MockRestServiceServerResetTestExecutionListener, org.springframework.boot.test.autoconfigure.web.servlet.MockMvcPrintOnlyOnFailureTestExecutionListener, org.springframework.boot.test.autoconfigure.web.servlet.WebDriverTestExecutionListener, org.springframework.boot.test.autoconfigure.webservices.client.MockWebServiceServerTestExecutionListener, org.springframework.boot.test.mock.mockito.MockitoTestExecutionListener, org.springframework.boot.test.mock.mockito.ResetMocksTestExecutionListener, org.springframework.test.context.web.ServletTestExecutionListener, org.springframework.test.context.support.DirtiesContextBeforeModesTestExecutionListener, org.springframework.test.context.support.DependencyInjectionTestExecutionListener, org.springframework.test.context.support.DirtiesContextTestExecutionListener, org.springframework.test.context.transaction.TransactionalTestExecutionListener, org.springframework.test.context.jdbc.SqlScriptsTestExecutionListener, org.springframework.test.context.event.EventPublishingTestExecutionListener]
16:14:29.508 [Test worker] INFO org.springframework.boot.test.context.SpringBootTestContextBootstrapper - Using TestExecutionListeners: [org.springframework.test.context.web.ServletTestExecutionListener@39d7bea3, org.springframework.test.context.support.DirtiesContextBeforeModesTestExecutionListener@38111083, org.springframework.boot.test.mock.mockito.MockitoTestExecutionListener@191d1353, org.springframework.boot.test.autoconfigure.SpringBootDependencyInjectionTestExecutionListener@1f91d39e, org.springframework.test.context.support.DirtiesContextTestExecutionListener@1bb75469, org.springframework.test.context.transaction.TransactionalTestExecutionListener@2b12ca94, org.springframework.test.context.jdbc.SqlScriptsTestExecutionListener@5a64c32e, org.springframework.security.test.context.support.WithSecurityContextTestExecutionListener@4bf8f6df, org.springframework.test.context.event.EventPublishingTestExecutionListener@6a4df7d5, org.springframework.security.test.context.support.ReactorContextTestExecutionListener@57b6c662, org.springframework.boot.test.autoconfigure.restdocs.RestDocsTestExecutionListener@2b370209, org.springframework.boot.test.autoconfigure.web.client.MockRestServiceServerResetTestExecutionListener@27f557be, org.springframework.boot.test.autoconfigure.web.servlet.MockMvcPrintOnlyOnFailureTestExecutionListener@2283ffca, org.springframework.boot.test.autoconfigure.web.servlet.WebDriverTestExecutionListener@43e7b82e, org.springframework.boot.test.autoconfigure.webservices.client.MockWebServiceServerTestExecutionListener@50d3dd11, org.springframework.boot.test.mock.mockito.ResetMocksTestExecutionListener@5d163812]
16:14:29.512 [Test worker] DEBUG org.springframework.test.context.support.AbstractDirtiesContextTestExecutionListener - Before test class: context [DefaultTestContext@43921865 testClass = CategoryControllerTest, testInstance = [null], testMethod = [null], testException = [null], mergedContextConfiguration = [WebMergedContextConfiguration@3509c69 testClass = CategoryControllerTest, locations = '{}', classes = '{class com.example.accessingdatamysql.AccessingDataMysqlApplication}', contextInitializerClasses = '[]', activeProfiles = '{}', propertySourceLocations = '{}', propertySourceProperties = '{org.springframework.boot.test.context.SpringBootTestContextBootstrapper=true}', contextCustomizers = set[org.springframework.boot.test.autoconfigure.properties.PropertyMappingContextCustomizer@0, org.springframework.boot.test.autoconfigure.web.servlet.WebDriverContextCustomizerFactory$Customizer@6d608553, org.springframework.boot.test.context.filter.ExcludeFilterContextCustomizer@4d59bc74, org.springframework.boot.test.json.DuplicateJsonObjectContextCustomizerFactory$DuplicateJsonObjectContextCustomizer@1e40ba22, org.springframework.boot.test.mock.mockito.MockitoContextCustomizer@a29285a1, org.springframework.boot.test.web.client.TestRestTemplateContextCustomizer@5913896c, org.springframework.boot.test.context.SpringBootTestArgs@1], resourceBasePath = 'src/main/webapp', contextLoader = 'org.springframework.boot.test.context.SpringBootContextLoader', parent = [null]], attributes = map['org.springframework.test.context.web.ServletTestExecutionListener.activateListener' -> true]], class annotated with @DirtiesContext [false] with mode [null].
16:14:29.543 [Test worker] DEBUG org.springframework.test.context.support.TestPropertySourceUtils - Adding inlined properties to environment: {spring.jmx.enabled=false, org.springframework.boot.test.context.SpringBootTestContextBootstrapper=true}

  .   ____          _            __ _ _
 /\\ / ___'_ __ _ _(_)_ __  __ _ \ \ \ \
( ( )\___ | '_ | '_| | '_ \/ _` | \ \ \ \
 \\/  ___)| |_)| | | | | || (_| |  ) ) ) )
  '  |____| .__|_| |_|_| |_\__, | / / / /
 =========|_|==============|___/=/_/_/_/
 :: Spring Boot ::        (v2.3.2.RELEASE)

2021-01-17 16:14:29.797  INFO 20720 --- [    Test worker] c.e.a.C.CategoryControllerTest           : Starting CategoryControllerTest on DESKTOP-THMDKJJ with PID 20720 (started by jakit in C:\Users\jakit\INDIVIDUAL\tennis-website\individual-assignment-db)
2021-01-17 16:14:29.799  INFO 20720 --- [    Test worker] c.e.a.C.CategoryControllerTest           : No active profile set, falling back to default profiles: default
2021-01-17 16:14:30.462  INFO 20720 --- [    Test worker] .s.d.r.c.RepositoryConfigurationDelegate : Bootstrapping Spring Data JPA repositories in DEFERRED mode.
2021-01-17 16:14:30.550  INFO 20720 --- [    Test worker] .s.d.r.c.RepositoryConfigurationDelegate : Finished Spring Data repository scanning in 78ms. Found 5 JPA repository interfaces.
2021-01-17 16:14:31.255  INFO 20720 --- [    Test worker] trationDelegate$BeanPostProcessorChecker : Bean 'org.springframework.security.access.expression.method.DefaultMethodSecurityExpressionHandler@786dbb72' of type [org.springframework.security.access.expression.method.DefaultMethodSecurityExpressionHandler] is not eligible for getting processed by all BeanPostProcessors (for example: not eligible for auto-proxying)
2021-01-17 16:14:31.267  INFO 20720 --- [    Test worker] trationDelegate$BeanPostProcessorChecker : Bean 'methodSecurityMetadataSource' of type [org.springframework.security.access.method.DelegatingMethodSecurityMetadataSource] is not eligible for getting processed by all BeanPostProcessors (for example: not eligible for auto-proxying)
2021-01-17 16:14:31.536  INFO 20720 --- [    Test worker] o.hibernate.jpa.internal.util.LogHelper  : HHH000204: Processing PersistenceUnitInfo [name: default]
2021-01-17 16:14:31.598  INFO 20720 --- [    Test worker] org.hibernate.Version                    : HHH000412: Hibernate ORM core version 5.4.18.Final
2021-01-17 16:14:31.644  INFO 20720 --- [    Test worker] o.hibernate.annotations.common.Version   : HCANN000001: Hibernate Commons Annotations {5.1.0.Final}
2021-01-17 16:14:31.757  INFO 20720 --- [    Test worker] com.zaxxer.hikari.HikariDataSource       : HikariPool-1 - Starting...
2021-01-17 16:14:31.940  INFO 20720 --- [    Test worker] com.zaxxer.hikari.HikariDataSource       : HikariPool-1 - Start completed.
2021-01-17 16:14:31.964  INFO 20720 --- [    Test worker] org.hibernate.dialect.Dialect            : HHH000400: Using dialect: org.hibernate.dialect.MySQL5Dialect
Hibernate: alter table products add constraint FKog2rp4qthbtt2lfyhfo32lsw9 foreign key (category_id) references categories (category_id)
Hibernate: alter table purchases add constraint FKm0ndjymn9p747pfp4515pio8i foreign key (user_id) references users (id)
Hibernate: alter table user_roles add constraint FKh8ciramu9cc9q3qcqiv4ue8a6 foreign key (role_id) references roles (id)
Hibernate: alter table user_roles add constraint FKdbvuadud2ojo5h5eophd815rv foreign key (user_auth_id) references users (id)
2021-01-17 16:14:32.614  INFO 20720 --- [    Test worker] o.h.e.t.j.p.i.JtaPlatformInitiator       : HHH000490: Using JtaPlatform implementation: [org.hibernate.engine.transaction.jta.platform.internal.NoJtaPlatform]
2021-01-17 16:14:32.620  INFO 20720 --- [    Test worker] j.LocalContainerEntityManagerFactoryBean : Initialized JPA EntityManagerFactory for persistence unit 'default'
2021-01-17 16:14:32.696  WARN 20720 --- [    Test worker] JpaBaseConfiguration$JpaWebConfiguration : spring.jpa.open-in-view is enabled by default. Therefore, database queries may be performed during view rendering. Explicitly configure spring.jpa.open-in-view to disable this warning
2021-01-17 16:14:33.209  INFO 20720 --- [    Test worker] o.s.s.concurrent.ThreadPoolTaskExecutor  : Initializing ExecutorService 'clientInboundChannelExecutor'
2021-01-17 16:14:33.222  INFO 20720 --- [    Test worker] o.s.s.concurrent.ThreadPoolTaskExecutor  : Initializing ExecutorService 'clientOutboundChannelExecutor'
2021-01-17 16:14:33.239  INFO 20720 --- [    Test worker] o.s.s.c.ThreadPoolTaskScheduler          : Initializing ExecutorService 'messageBrokerTaskScheduler'
2021-01-17 16:14:33.419  INFO 20720 --- [    Test worker] o.s.b.a.w.s.WelcomePageHandlerMapping    : Adding welcome page: class path resource [static/index.html]
2021-01-17 16:14:33.942  INFO 20720 --- [    Test worker] o.s.s.web.DefaultSecurityFilterChain     : Creating filter chain: any request, [org.springframework.security.web.context.request.async.WebAsyncManagerIntegrationFilter@7cf2ea70, org.springframework.security.web.context.SecurityContextPersistenceFilter@262681d7, org.springframework.security.web.header.HeaderWriterFilter@542a03de, org.springframework.web.filter.CorsFilter@5bd82bb4, org.springframework.security.web.authentication.logout.LogoutFilter@467f4870, com.example.accessingdatamysql.security.jwt.AuthTokenFilter@5fcfe017, org.springframework.security.web.savedrequest.RequestCacheAwareFilter@20e4d134, org.springframework.security.web.servletapi.SecurityContextHolderAwareRequestFilter@15836891, org.springframework.security.web.authentication.AnonymousAuthenticationFilter@5b7f84b, org.springframework.security.web.session.SessionManagementFilter@5193dd3f, org.springframework.security.web.access.ExceptionTranslationFilter@5f8b03bb, org.springframework.security.web.access.intercept.FilterSecurityInterceptor@68c4ee44]
2021-01-17 16:14:33.966  INFO 20720 --- [    Test worker] o.s.s.concurrent.ThreadPoolTaskExecutor  : Initializing ExecutorService 'brokerChannelExecutor'
2021-01-17 16:14:34.436  INFO 20720 --- [    Test worker] o.s.m.s.b.SimpleBrokerMessageHandler     : Starting...
2021-01-17 16:14:34.437  INFO 20720 --- [    Test worker] o.s.m.s.b.SimpleBrokerMessageHandler     : BrokerAvailabilityEvent[available=true, SimpleBrokerMessageHandler [DefaultSubscriptionRegistry[cache[0 destination(s)], registry[0 sessions]]]]
2021-01-17 16:14:34.437  INFO 20720 --- [    Test worker] o.s.m.s.b.SimpleBrokerMessageHandler     : Started.
2021-01-17 16:14:34.437  INFO 20720 --- [    Test worker] DeferredRepositoryInitializationListener : Triggering deferred initialization of Spring Data repositories…
2021-01-17 16:14:34.817  INFO 20720 --- [    Test worker] DeferredRepositoryInitializationListener : Spring Data repositories initialized!
2021-01-17 16:14:34.824  INFO 20720 --- [    Test worker] c.e.a.C.CategoryControllerTest           : Started CategoryControllerTest in 5.274 seconds (JVM running for 6.45)
]]></system-out>
  <system-err><![CDATA[]]></system-err>
</testsuite>
