<?xml version="1.0" encoding="UTF-8"?>
<testsuite name="com.example.accessingdatamysql.modelsTemp.ProductTest" tests="6" skipped="0" failures="0" errors="0" timestamp="2021-01-17T15:14:39" hostname="DESKTOP-THMDKJJ" time="0.026">
  <properties/>
  <testcase name="getProductName()" classname="com.example.accessingdatamysql.modelsTemp.ProductTest" time="0.004"/>
  <testcase name="getProductId()" classname="com.example.accessingdatamysql.modelsTemp.ProductTest" time="0.004"/>
  <testcase name="setProductName()" classname="com.example.accessingdatamysql.modelsTemp.ProductTest" time="0.004"/>
  <testcase name="setProductId()" classname="com.example.accessingdatamysql.modelsTemp.ProductTest" time="0.004"/>
  <testcase name="setPrice()" classname="com.example.accessingdatamysql.modelsTemp.ProductTest" time="0.004"/>
  <testcase name="getPrice()" classname="com.example.accessingdatamysql.modelsTemp.ProductTest" time="0.004"/>
  <system-out><![CDATA[2021-01-17 16:14:39.237  INFO 20720 --- [    Test worker] .b.t.c.SpringBootTestContextBootstrapper : Neither @ContextConfiguration nor @ContextHierarchy found for test class [com.example.accessingdatamysql.modelsTemp.ProductTest], using SpringBootContextLoader
2021-01-17 16:14:39.238  INFO 20720 --- [    Test worker] o.s.t.c.support.AbstractContextLoader    : Could not detect default resource locations for test class [com.example.accessingdatamysql.modelsTemp.ProductTest]: no resource found for suffixes {-context.xml, Context.groovy}.
2021-01-17 16:14:39.238  INFO 20720 --- [    Test worker] t.c.s.AnnotationConfigContextLoaderUtils : Could not detect default configuration classes for test class [com.example.accessingdatamysql.modelsTemp.ProductTest]: ProductTest does not declare any static, non-private, non-final, nested classes annotated with @Configuration.
2021-01-17 16:14:39.239  INFO 20720 --- [    Test worker] .b.t.c.SpringBootTestContextBootstrapper : Found @SpringBootConfiguration com.example.accessingdatamysql.AccessingDataMysqlApplication for test class com.example.accessingdatamysql.modelsTemp.ProductTest
2021-01-17 16:14:39.240  INFO 20720 --- [    Test worker] .b.t.c.SpringBootTestContextBootstrapper : Loaded default TestExecutionListener class names from location [META-INF/spring.factories]: [org.springframework.security.test.context.support.WithSecurityContextTestExecutionListener, org.springframework.security.test.context.support.ReactorContextTestExecutionListener, org.springframework.boot.test.autoconfigure.restdocs.RestDocsTestExecutionListener, org.springframework.boot.test.autoconfigure.web.client.MockRestServiceServerResetTestExecutionListener, org.springframework.boot.test.autoconfigure.web.servlet.MockMvcPrintOnlyOnFailureTestExecutionListener, org.springframework.boot.test.autoconfigure.web.servlet.WebDriverTestExecutionListener, org.springframework.boot.test.autoconfigure.webservices.client.MockWebServiceServerTestExecutionListener, org.springframework.boot.test.mock.mockito.MockitoTestExecutionListener, org.springframework.boot.test.mock.mockito.ResetMocksTestExecutionListener, org.springframework.test.context.web.ServletTestExecutionListener, org.springframework.test.context.support.DirtiesContextBeforeModesTestExecutionListener, org.springframework.test.context.support.DependencyInjectionTestExecutionListener, org.springframework.test.context.support.DirtiesContextTestExecutionListener, org.springframework.test.context.transaction.TransactionalTestExecutionListener, org.springframework.test.context.jdbc.SqlScriptsTestExecutionListener, org.springframework.test.context.event.EventPublishingTestExecutionListener]
2021-01-17 16:14:39.242  INFO 20720 --- [    Test worker] .b.t.c.SpringBootTestContextBootstrapper : Using TestExecutionListeners: [org.springframework.test.context.web.ServletTestExecutionListener@72753d01, org.springframework.test.context.support.DirtiesContextBeforeModesTestExecutionListener@3b49e835, org.springframework.boot.test.mock.mockito.MockitoTestExecutionListener@66045f23, org.springframework.boot.test.autoconfigure.SpringBootDependencyInjectionTestExecutionListener@44c8fd8c, org.springframework.test.context.support.DirtiesContextTestExecutionListener@1f8e4d21, org.springframework.test.context.transaction.TransactionalTestExecutionListener@6bf206a5, org.springframework.test.context.jdbc.SqlScriptsTestExecutionListener@2f4bb1bf, org.springframework.security.test.context.support.WithSecurityContextTestExecutionListener@2cec0d47, org.springframework.test.context.event.EventPublishingTestExecutionListener@4166babe, org.springframework.security.test.context.support.ReactorContextTestExecutionListener@3a5a4b19, org.springframework.boot.test.autoconfigure.restdocs.RestDocsTestExecutionListener@48eec3a4, org.springframework.boot.test.autoconfigure.web.client.MockRestServiceServerResetTestExecutionListener@4a479cb, org.springframework.boot.test.autoconfigure.web.servlet.MockMvcPrintOnlyOnFailureTestExecutionListener@70e390ab, org.springframework.boot.test.autoconfigure.web.servlet.WebDriverTestExecutionListener@18091f2d, org.springframework.boot.test.autoconfigure.webservices.client.MockWebServiceServerTestExecutionListener@26c41c6b, org.springframework.boot.test.mock.mockito.ResetMocksTestExecutionListener@1094359]
]]></system-out>
  <system-err><![CDATA[]]></system-err>
</testsuite>
