<?xml version="1.0" encoding="UTF-8"?>
<testsuite name="com.example.accessingdatamysql.Controllers.CategoryControllerTest" tests="5" skipped="0" failures="0" errors="0" timestamp="2020-11-19T23:29:49" hostname="DESKTOP-THMDKJJ" time="0.097">
  <properties/>
  <testcase name="deleteCategory()" classname="com.example.accessingdatamysql.Controllers.CategoryControllerTest" time="0.063"/>
  <testcase name="getAllCategoriesWhenThereAreNone()" classname="com.example.accessingdatamysql.Controllers.CategoryControllerTest" time="0.009"/>
  <testcase name="getAllCategoriesWhenThereAreSome()" classname="com.example.accessingdatamysql.Controllers.CategoryControllerTest" time="0.006"/>
  <testcase name="updateCategory()" classname="com.example.accessingdatamysql.Controllers.CategoryControllerTest" time="0.003"/>
  <testcase name="getCategoryById()" classname="com.example.accessingdatamysql.Controllers.CategoryControllerTest" time="0.012"/>
  <system-out><![CDATA[00:29:45.206 [Test worker] DEBUG org.springframework.test.context.BootstrapUtils - Instantiating CacheAwareContextLoaderDelegate from class [org.springframework.test.context.cache.DefaultCacheAwareContextLoaderDelegate]
00:29:45.218 [Test worker] DEBUG org.springframework.test.context.BootstrapUtils - Instantiating BootstrapContext using constructor [public org.springframework.test.context.support.DefaultBootstrapContext(java.lang.Class,org.springframework.test.context.CacheAwareContextLoaderDelegate)]
00:29:45.253 [Test worker] DEBUG org.springframework.test.context.BootstrapUtils - Instantiating TestContextBootstrapper for test class [com.example.accessingdatamysql.Controllers.CategoryControllerTest] from class [org.springframework.boot.test.context.SpringBootTestContextBootstrapper]
00:29:45.269 [Test worker] INFO org.springframework.boot.test.context.SpringBootTestContextBootstrapper - Neither @ContextConfiguration nor @ContextHierarchy found for test class [com.example.accessingdatamysql.Controllers.CategoryControllerTest], using SpringBootContextLoader
00:29:45.273 [Test worker] DEBUG org.springframework.test.context.support.AbstractContextLoader - Did not detect default resource location for test class [com.example.accessingdatamysql.Controllers.CategoryControllerTest]: class path resource [com/example/accessingdatamysql/Controllers/CategoryControllerTest-context.xml] does not exist
00:29:45.274 [Test worker] DEBUG org.springframework.test.context.support.AbstractContextLoader - Did not detect default resource location for test class [com.example.accessingdatamysql.Controllers.CategoryControllerTest]: class path resource [com/example/accessingdatamysql/Controllers/CategoryControllerTestContext.groovy] does not exist
00:29:45.274 [Test worker] INFO org.springframework.test.context.support.AbstractContextLoader - Could not detect default resource locations for test class [com.example.accessingdatamysql.Controllers.CategoryControllerTest]: no resource found for suffixes {-context.xml, Context.groovy}.
00:29:45.274 [Test worker] INFO org.springframework.test.context.support.AnnotationConfigContextLoaderUtils - Could not detect default configuration classes for test class [com.example.accessingdatamysql.Controllers.CategoryControllerTest]: CategoryControllerTest does not declare any static, non-private, non-final, nested classes annotated with @Configuration.
00:29:45.321 [Test worker] DEBUG org.springframework.test.context.support.ActiveProfilesUtils - Could not find an 'annotation declaring class' for annotation type [org.springframework.test.context.ActiveProfiles] and class [com.example.accessingdatamysql.Controllers.CategoryControllerTest]
00:29:45.420 [Test worker] DEBUG org.springframework.context.annotation.ClassPathScanningCandidateComponentProvider - Identified candidate component class: file [C:\Users\jakit\INDIVIDUAL\tennis-website\individual-assignment-db\build\classes\java\main\com\example\accessingdatamysql\AccessingDataMysqlApplication.class]
00:29:45.421 [Test worker] INFO org.springframework.boot.test.context.SpringBootTestContextBootstrapper - Found @SpringBootConfiguration com.example.accessingdatamysql.AccessingDataMysqlApplication for test class com.example.accessingdatamysql.Controllers.CategoryControllerTest
00:29:45.513 [Test worker] DEBUG org.springframework.boot.test.context.SpringBootTestContextBootstrapper - @TestExecutionListeners is not present for class [com.example.accessingdatamysql.Controllers.CategoryControllerTest]: using defaults.
00:29:45.514 [Test worker] INFO org.springframework.boot.test.context.SpringBootTestContextBootstrapper - Loaded default TestExecutionListener class names from location [META-INF/spring.factories]: [org.springframework.security.test.context.support.WithSecurityContextTestExecutionListener, org.springframework.security.test.context.support.ReactorContextTestExecutionListener, org.springframework.boot.test.autoconfigure.restdocs.RestDocsTestExecutionListener, org.springframework.boot.test.autoconfigure.web.client.MockRestServiceServerResetTestExecutionListener, org.springframework.boot.test.autoconfigure.web.servlet.MockMvcPrintOnlyOnFailureTestExecutionListener, org.springframework.boot.test.autoconfigure.web.servlet.WebDriverTestExecutionListener, org.springframework.boot.test.autoconfigure.webservices.client.MockWebServiceServerTestExecutionListener, org.springframework.boot.test.mock.mockito.MockitoTestExecutionListener, org.springframework.boot.test.mock.mockito.ResetMocksTestExecutionListener, org.springframework.test.context.web.ServletTestExecutionListener, org.springframework.test.context.support.DirtiesContextBeforeModesTestExecutionListener, org.springframework.test.context.support.DependencyInjectionTestExecutionListener, org.springframework.test.context.support.DirtiesContextTestExecutionListener, org.springframework.test.context.transaction.TransactionalTestExecutionListener, org.springframework.test.context.jdbc.SqlScriptsTestExecutionListener, org.springframework.test.context.event.EventPublishingTestExecutionListener]
00:29:45.531 [Test worker] INFO org.springframework.boot.test.context.SpringBootTestContextBootstrapper - Using TestExecutionListeners: [org.springframework.test.context.web.ServletTestExecutionListener@576b2b5b, org.springframework.test.context.support.DirtiesContextBeforeModesTestExecutionListener@7bef2887, org.springframework.boot.test.mock.mockito.MockitoTestExecutionListener@3bc306ee, org.springframework.boot.test.autoconfigure.SpringBootDependencyInjectionTestExecutionListener@4ef777b1, org.springframework.test.context.support.DirtiesContextTestExecutionListener@4048bcc7, org.springframework.test.context.transaction.TransactionalTestExecutionListener@42611f59, org.springframework.test.context.jdbc.SqlScriptsTestExecutionListener@6136958d, org.springframework.security.test.context.support.WithSecurityContextTestExecutionListener@14893ce5, org.springframework.test.context.event.EventPublishingTestExecutionListener@11a21437, org.springframework.security.test.context.support.ReactorContextTestExecutionListener@5b734a8d, org.springframework.boot.test.autoconfigure.restdocs.RestDocsTestExecutionListener@ebc3693, org.springframework.boot.test.autoconfigure.web.client.MockRestServiceServerResetTestExecutionListener@538f5db5, org.springframework.boot.test.autoconfigure.web.servlet.MockMvcPrintOnlyOnFailureTestExecutionListener@520de85f, org.springframework.boot.test.autoconfigure.web.servlet.WebDriverTestExecutionListener@136be7b1, org.springframework.boot.test.autoconfigure.webservices.client.MockWebServiceServerTestExecutionListener@7c0c43e1, org.springframework.boot.test.mock.mockito.ResetMocksTestExecutionListener@55c7db20]
00:29:45.535 [Test worker] DEBUG org.springframework.test.context.support.AbstractDirtiesContextTestExecutionListener - Before test class: context [DefaultTestContext@6b784a5b testClass = CategoryControllerTest, testInstance = [null], testMethod = [null], testException = [null], mergedContextConfiguration = [WebMergedContextConfiguration@71683a4e testClass = CategoryControllerTest, locations = '{}', classes = '{class com.example.accessingdatamysql.AccessingDataMysqlApplication}', contextInitializerClasses = '[]', activeProfiles = '{}', propertySourceLocations = '{}', propertySourceProperties = '{org.springframework.boot.test.context.SpringBootTestContextBootstrapper=true}', contextCustomizers = set[org.springframework.boot.test.autoconfigure.properties.PropertyMappingContextCustomizer@0, org.springframework.boot.test.autoconfigure.web.servlet.WebDriverContextCustomizerFactory$Customizer@6ae272df, org.springframework.boot.test.context.filter.ExcludeFilterContextCustomizer@22a918d7, org.springframework.boot.test.json.DuplicateJsonObjectContextCustomizerFactory$DuplicateJsonObjectContextCustomizer@36256613, org.springframework.boot.test.mock.mockito.MockitoContextCustomizer@ac18c75e, org.springframework.boot.test.web.client.TestRestTemplateContextCustomizer@1e4969bb, org.springframework.boot.test.context.SpringBootTestArgs@1], resourceBasePath = 'src/main/webapp', contextLoader = 'org.springframework.boot.test.context.SpringBootContextLoader', parent = [null]], attributes = map['org.springframework.test.context.web.ServletTestExecutionListener.activateListener' -> true]], class annotated with @DirtiesContext [false] with mode [null].
00:29:45.566 [Test worker] DEBUG org.springframework.test.context.support.TestPropertySourceUtils - Adding inlined properties to environment: {spring.jmx.enabled=false, org.springframework.boot.test.context.SpringBootTestContextBootstrapper=true}

  .   ____          _            __ _ _
 /\\ / ___'_ __ _ _(_)_ __  __ _ \ \ \ \
( ( )\___ | '_ | '_| | '_ \/ _` | \ \ \ \
 \\/  ___)| |_)| | | | | || (_| |  ) ) ) )
  '  |____| .__|_| |_|_| |_\__, | / / / /
 =========|_|==============|___/=/_/_/_/
 :: Spring Boot ::        (v2.3.2.RELEASE)

2020-11-20 00:29:45.824  INFO 9620 --- [    Test worker] c.e.a.C.CategoryControllerTest           : Starting CategoryControllerTest on DESKTOP-THMDKJJ with PID 9620 (started by jakit in C:\Users\jakit\INDIVIDUAL\tennis-website\individual-assignment-db)
2020-11-20 00:29:45.826  INFO 9620 --- [    Test worker] c.e.a.C.CategoryControllerTest           : No active profile set, falling back to default profiles: default
2020-11-20 00:29:46.546  INFO 9620 --- [    Test worker] .s.d.r.c.RepositoryConfigurationDelegate : Bootstrapping Spring Data JPA repositories in DEFERRED mode.
2020-11-20 00:29:46.653  INFO 9620 --- [    Test worker] .s.d.r.c.RepositoryConfigurationDelegate : Finished Spring Data repository scanning in 97ms. Found 6 JPA repository interfaces.
2020-11-20 00:29:47.488  INFO 9620 --- [    Test worker] trationDelegate$BeanPostProcessorChecker : Bean 'org.springframework.security.access.expression.method.DefaultMethodSecurityExpressionHandler@77c27abd' of type [org.springframework.security.access.expression.method.DefaultMethodSecurityExpressionHandler] is not eligible for getting processed by all BeanPostProcessors (for example: not eligible for auto-proxying)
2020-11-20 00:29:47.502  INFO 9620 --- [    Test worker] trationDelegate$BeanPostProcessorChecker : Bean 'methodSecurityMetadataSource' of type [org.springframework.security.access.method.DelegatingMethodSecurityMetadataSource] is not eligible for getting processed by all BeanPostProcessors (for example: not eligible for auto-proxying)
2020-11-20 00:29:47.763  INFO 9620 --- [    Test worker] o.s.s.concurrent.ThreadPoolTaskExecutor  : Initializing ExecutorService 'applicationTaskExecutor'
2020-11-20 00:29:47.852  INFO 9620 --- [         task-1] o.hibernate.jpa.internal.util.LogHelper  : HHH000204: Processing PersistenceUnitInfo [name: default]
2020-11-20 00:29:47.936  WARN 9620 --- [    Test worker] JpaBaseConfiguration$JpaWebConfiguration : spring.jpa.open-in-view is enabled by default. Therefore, database queries may be performed during view rendering. Explicitly configure spring.jpa.open-in-view to disable this warning
2020-11-20 00:29:47.938  INFO 9620 --- [         task-1] org.hibernate.Version                    : HHH000412: Hibernate ORM core version 5.4.18.Final
2020-11-20 00:29:48.001  INFO 9620 --- [         task-1] o.hibernate.annotations.common.Version   : HCANN000001: Hibernate Commons Annotations {5.1.0.Final}
2020-11-20 00:29:48.164  INFO 9620 --- [         task-1] com.zaxxer.hikari.HikariDataSource       : HikariPool-1 - Starting...
2020-11-20 00:29:48.376  INFO 9620 --- [         task-1] com.zaxxer.hikari.HikariDataSource       : HikariPool-1 - Start completed.
2020-11-20 00:29:48.395  INFO 9620 --- [         task-1] org.hibernate.dialect.Dialect            : HHH000400: Using dialect: org.hibernate.dialect.MySQL5Dialect
2020-11-20 00:29:48.602  INFO 9620 --- [    Test worker] o.s.b.a.w.s.WelcomePageHandlerMapping    : Adding welcome page: class path resource [static/index.html]
2020-11-20 00:29:48.892  INFO 9620 --- [    Test worker] o.s.s.web.DefaultSecurityFilterChain     : Creating filter chain: any request, [org.springframework.security.web.context.request.async.WebAsyncManagerIntegrationFilter@43b531bb, org.springframework.security.web.context.SecurityContextPersistenceFilter@1695c443, org.springframework.security.web.header.HeaderWriterFilter@5deeea4a, org.springframework.web.filter.CorsFilter@59067418, org.springframework.security.web.authentication.logout.LogoutFilter@7177beab, com.example.accessingdatamysql.security.jwt.AuthTokenFilter@6ded435d, org.springframework.security.web.savedrequest.RequestCacheAwareFilter@2aa1ca2b, org.springframework.security.web.servletapi.SecurityContextHolderAwareRequestFilter@646bcbe0, org.springframework.security.web.authentication.AnonymousAuthenticationFilter@52022fab, org.springframework.security.web.session.SessionManagementFilter@370eb47, org.springframework.security.web.access.ExceptionTranslationFilter@3f89324, org.springframework.security.web.access.intercept.FilterSecurityInterceptor@4bbbd961]
Hibernate: alter table comment add constraint FKs1slvnkuemjsq2kj4h3vhx7i1 foreign key (post_id) references post (post_id)
Hibernate: alter table comment add constraint FKqm52p1v3o13hy268he0wcngr5 foreign key (user_id) references users (id)
Hibernate: alter table product add constraint FK1mtsbur82frn64de7balymq9s foreign key (category_id) references category (category_id)
Hibernate: alter table user_roles add constraint FKh8ciramu9cc9q3qcqiv4ue8a6 foreign key (role_id) references roles (id)
Hibernate: alter table user_roles add constraint FKdbvuadud2ojo5h5eophd815rv foreign key (user_auth_id) references users (id)
2020-11-20 00:29:49.426  INFO 9620 --- [         task-1] o.h.e.t.j.p.i.JtaPlatformInitiator       : HHH000490: Using JtaPlatform implementation: [org.hibernate.engine.transaction.jta.platform.internal.NoJtaPlatform]
2020-11-20 00:29:49.439  INFO 9620 --- [         task-1] j.LocalContainerEntityManagerFactoryBean : Initialized JPA EntityManagerFactory for persistence unit 'default'
2020-11-20 00:29:49.455  INFO 9620 --- [    Test worker] DeferredRepositoryInitializationListener : Triggering deferred initialization of Spring Data repositories…
2020-11-20 00:29:49.922  INFO 9620 --- [    Test worker] DeferredRepositoryInitializationListener : Spring Data repositories initialized!
2020-11-20 00:29:49.932  INFO 9620 --- [    Test worker] c.e.a.C.CategoryControllerTest           : Started CategoryControllerTest in 4.358 seconds (JVM running for 5.678)
]]></system-out>
  <system-err><![CDATA[]]></system-err>
</testsuite>
