<?xml version="1.0" encoding="UTF-8"?>
<testsuite name="com.example.accessingdatamysql.Controllers.ProductControllerTest" tests="4" skipped="0" failures="0" errors="0" timestamp="2021-01-17T15:14:36" hostname="DESKTOP-THMDKJJ" time="0.031">
  <properties/>
  <testcase name="deleteActualProduct()" classname="com.example.accessingdatamysql.Controllers.ProductControllerTest" time="0.005"/>
  <testcase name="getAllProductsWhenThereAreNone()" classname="com.example.accessingdatamysql.Controllers.ProductControllerTest" time="0.014"/>
  <testcase name="getAllProductsWhenThereAreSome()" classname="com.example.accessingdatamysql.Controllers.ProductControllerTest" time="0.004"/>
  <testcase name="updateExistingProduct()" classname="com.example.accessingdatamysql.Controllers.ProductControllerTest" time="0.005"/>
  <system-out><![CDATA[2021-01-17 16:14:34.912  INFO 20720 --- [    Test worker] .b.t.c.SpringBootTestContextBootstrapper : Neither @ContextConfiguration nor @ContextHierarchy found for test class [com.example.accessingdatamysql.Controllers.ProductControllerTest], using SpringBootContextLoader
2021-01-17 16:14:34.913  INFO 20720 --- [    Test worker] o.s.t.c.support.AbstractContextLoader    : Could not detect default resource locations for test class [com.example.accessingdatamysql.Controllers.ProductControllerTest]: no resource found for suffixes {-context.xml, Context.groovy}.
2021-01-17 16:14:34.913  INFO 20720 --- [    Test worker] t.c.s.AnnotationConfigContextLoaderUtils : Could not detect default configuration classes for test class [com.example.accessingdatamysql.Controllers.ProductControllerTest]: ProductControllerTest does not declare any static, non-private, non-final, nested classes annotated with @Configuration.
2021-01-17 16:14:34.915  INFO 20720 --- [    Test worker] .b.t.c.SpringBootTestContextBootstrapper : Found @SpringBootConfiguration com.example.accessingdatamysql.AccessingDataMysqlApplication for test class com.example.accessingdatamysql.Controllers.ProductControllerTest
2021-01-17 16:14:34.916  INFO 20720 --- [    Test worker] .b.t.c.SpringBootTestContextBootstrapper : Loaded default TestExecutionListener class names from location [META-INF/spring.factories]: [org.springframework.security.test.context.support.WithSecurityContextTestExecutionListener, org.springframework.security.test.context.support.ReactorContextTestExecutionListener, org.springframework.boot.test.autoconfigure.restdocs.RestDocsTestExecutionListener, org.springframework.boot.test.autoconfigure.web.client.MockRestServiceServerResetTestExecutionListener, org.springframework.boot.test.autoconfigure.web.servlet.MockMvcPrintOnlyOnFailureTestExecutionListener, org.springframework.boot.test.autoconfigure.web.servlet.WebDriverTestExecutionListener, org.springframework.boot.test.autoconfigure.webservices.client.MockWebServiceServerTestExecutionListener, org.springframework.boot.test.mock.mockito.MockitoTestExecutionListener, org.springframework.boot.test.mock.mockito.ResetMocksTestExecutionListener, org.springframework.test.context.web.ServletTestExecutionListener, org.springframework.test.context.support.DirtiesContextBeforeModesTestExecutionListener, org.springframework.test.context.support.DependencyInjectionTestExecutionListener, org.springframework.test.context.support.DirtiesContextTestExecutionListener, org.springframework.test.context.transaction.TransactionalTestExecutionListener, org.springframework.test.context.jdbc.SqlScriptsTestExecutionListener, org.springframework.test.context.event.EventPublishingTestExecutionListener]
2021-01-17 16:14:34.918  INFO 20720 --- [    Test worker] .b.t.c.SpringBootTestContextBootstrapper : Using TestExecutionListeners: [org.springframework.test.context.web.ServletTestExecutionListener@694dbdb5, org.springframework.test.context.support.DirtiesContextBeforeModesTestExecutionListener@48d6ecc6, org.springframework.boot.test.mock.mockito.MockitoTestExecutionListener@73c94121, org.springframework.boot.test.autoconfigure.SpringBootDependencyInjectionTestExecutionListener@7bac602d, org.springframework.test.context.support.DirtiesContextTestExecutionListener@7f88daf8, org.springframework.test.context.transaction.TransactionalTestExecutionListener@c7a913, org.springframework.test.context.jdbc.SqlScriptsTestExecutionListener@393e2063, org.springframework.security.test.context.support.WithSecurityContextTestExecutionListener@218b8261, org.springframework.test.context.event.EventPublishingTestExecutionListener@186dc3b2, org.springframework.security.test.context.support.ReactorContextTestExecutionListener@25df6e9d, org.springframework.boot.test.autoconfigure.restdocs.RestDocsTestExecutionListener@6d2a7f7d, org.springframework.boot.test.autoconfigure.web.client.MockRestServiceServerResetTestExecutionListener@10cf6033, org.springframework.boot.test.autoconfigure.web.servlet.MockMvcPrintOnlyOnFailureTestExecutionListener@664941cb, org.springframework.boot.test.autoconfigure.web.servlet.WebDriverTestExecutionListener@38bc7019, org.springframework.boot.test.autoconfigure.webservices.client.MockWebServiceServerTestExecutionListener@65321e4, org.springframework.boot.test.mock.mockito.ResetMocksTestExecutionListener@6df607e5]

  .   ____          _            __ _ _
 /\\ / ___'_ __ _ _(_)_ __  __ _ \ \ \ \
( ( )\___ | '_ | '_| | '_ \/ _` | \ \ \ \
 \\/  ___)| |_)| | | | | || (_| |  ) ) ) )
  '  |____| .__|_| |_|_| |_\__, | / / / /
 =========|_|==============|___/=/_/_/_/
 :: Spring Boot ::        (v2.3.2.RELEASE)

2021-01-17 16:14:34.939  INFO 20720 --- [    Test worker] c.e.a.Controllers.ProductControllerTest  : Starting ProductControllerTest on DESKTOP-THMDKJJ with PID 20720 (started by jakit in C:\Users\jakit\INDIVIDUAL\tennis-website\individual-assignment-db)
2021-01-17 16:14:34.939  INFO 20720 --- [    Test worker] c.e.a.Controllers.ProductControllerTest  : No active profile set, falling back to default profiles: default
2021-01-17 16:14:35.114  INFO 20720 --- [    Test worker] .s.d.r.c.RepositoryConfigurationDelegate : Bootstrapping Spring Data JPA repositories in DEFERRED mode.
2021-01-17 16:14:35.142  INFO 20720 --- [    Test worker] .s.d.r.c.RepositoryConfigurationDelegate : Finished Spring Data repository scanning in 27ms. Found 5 JPA repository interfaces.
2021-01-17 16:14:35.247  INFO 20720 --- [    Test worker] trationDelegate$BeanPostProcessorChecker : Bean 'org.springframework.security.access.expression.method.DefaultMethodSecurityExpressionHandler@6d9cace7' of type [org.springframework.security.access.expression.method.DefaultMethodSecurityExpressionHandler] is not eligible for getting processed by all BeanPostProcessors (for example: not eligible for auto-proxying)
2021-01-17 16:14:35.253  INFO 20720 --- [    Test worker] trationDelegate$BeanPostProcessorChecker : Bean 'methodSecurityMetadataSource' of type [org.springframework.security.access.method.DelegatingMethodSecurityMetadataSource] is not eligible for getting processed by all BeanPostProcessors (for example: not eligible for auto-proxying)
2021-01-17 16:14:35.341  INFO 20720 --- [    Test worker] o.hibernate.jpa.internal.util.LogHelper  : HHH000204: Processing PersistenceUnitInfo [name: default]
2021-01-17 16:14:35.350  INFO 20720 --- [    Test worker] com.zaxxer.hikari.HikariDataSource       : HikariPool-2 - Starting...
2021-01-17 16:14:35.359  INFO 20720 --- [    Test worker] com.zaxxer.hikari.HikariDataSource       : HikariPool-2 - Start completed.
2021-01-17 16:14:35.360  INFO 20720 --- [    Test worker] org.hibernate.dialect.Dialect            : HHH000400: Using dialect: org.hibernate.dialect.MySQL5Dialect
Hibernate: alter table products add constraint FKog2rp4qthbtt2lfyhfo32lsw9 foreign key (category_id) references categories (category_id)
Hibernate: alter table purchases add constraint FKm0ndjymn9p747pfp4515pio8i foreign key (user_id) references users (id)
Hibernate: alter table user_roles add constraint FKh8ciramu9cc9q3qcqiv4ue8a6 foreign key (role_id) references roles (id)
Hibernate: alter table user_roles add constraint FKdbvuadud2ojo5h5eophd815rv foreign key (user_auth_id) references users (id)
2021-01-17 16:14:35.502  INFO 20720 --- [    Test worker] o.h.e.t.j.p.i.JtaPlatformInitiator       : HHH000490: Using JtaPlatform implementation: [org.hibernate.engine.transaction.jta.platform.internal.NoJtaPlatform]
2021-01-17 16:14:35.502  INFO 20720 --- [    Test worker] j.LocalContainerEntityManagerFactoryBean : Initialized JPA EntityManagerFactory for persistence unit 'default'
2021-01-17 16:14:35.553  WARN 20720 --- [    Test worker] JpaBaseConfiguration$JpaWebConfiguration : spring.jpa.open-in-view is enabled by default. Therefore, database queries may be performed during view rendering. Explicitly configure spring.jpa.open-in-view to disable this warning
2021-01-17 16:14:35.756  INFO 20720 --- [    Test worker] o.s.s.concurrent.ThreadPoolTaskExecutor  : Initializing ExecutorService 'clientInboundChannelExecutor'
2021-01-17 16:14:35.763  INFO 20720 --- [    Test worker] o.s.s.concurrent.ThreadPoolTaskExecutor  : Initializing ExecutorService 'clientOutboundChannelExecutor'
2021-01-17 16:14:35.774  INFO 20720 --- [    Test worker] o.s.s.c.ThreadPoolTaskScheduler          : Initializing ExecutorService 'messageBrokerTaskScheduler'
2021-01-17 16:14:35.840  INFO 20720 --- [    Test worker] o.s.b.a.w.s.WelcomePageHandlerMapping    : Adding welcome page: class path resource [static/index.html]
2021-01-17 16:14:36.102  INFO 20720 --- [    Test worker] o.s.s.web.DefaultSecurityFilterChain     : Creating filter chain: any request, [org.springframework.security.web.context.request.async.WebAsyncManagerIntegrationFilter@486726c0, org.springframework.security.web.context.SecurityContextPersistenceFilter@3c73379d, org.springframework.security.web.header.HeaderWriterFilter@6465f764, org.springframework.web.filter.CorsFilter@4e5f3ca5, org.springframework.security.web.authentication.logout.LogoutFilter@290a9c9e, com.example.accessingdatamysql.security.jwt.AuthTokenFilter@23af5e8c, org.springframework.security.web.savedrequest.RequestCacheAwareFilter@69bf4d14, org.springframework.security.web.servletapi.SecurityContextHolderAwareRequestFilter@222a4990, org.springframework.security.web.authentication.AnonymousAuthenticationFilter@650fcd7e, org.springframework.security.web.session.SessionManagementFilter@2381acb1, org.springframework.security.web.access.ExceptionTranslationFilter@27aec73, org.springframework.security.web.access.intercept.FilterSecurityInterceptor@67f41975]
2021-01-17 16:14:36.115  INFO 20720 --- [    Test worker] o.s.s.concurrent.ThreadPoolTaskExecutor  : Initializing ExecutorService 'brokerChannelExecutor'
2021-01-17 16:14:36.337  INFO 20720 --- [    Test worker] o.s.m.s.b.SimpleBrokerMessageHandler     : Starting...
2021-01-17 16:14:36.337  INFO 20720 --- [    Test worker] o.s.m.s.b.SimpleBrokerMessageHandler     : BrokerAvailabilityEvent[available=true, SimpleBrokerMessageHandler [DefaultSubscriptionRegistry[cache[0 destination(s)], registry[0 sessions]]]]
2021-01-17 16:14:36.338  INFO 20720 --- [    Test worker] o.s.m.s.b.SimpleBrokerMessageHandler     : Started.
2021-01-17 16:14:36.338  INFO 20720 --- [    Test worker] DeferredRepositoryInitializationListener : Triggering deferred initialization of Spring Data repositories…
2021-01-17 16:14:36.453  INFO 20720 --- [    Test worker] DeferredRepositoryInitializationListener : Spring Data repositories initialized!
2021-01-17 16:14:36.456  INFO 20720 --- [    Test worker] c.e.a.Controllers.ProductControllerTest  : Started ProductControllerTest in 1.536 seconds (JVM running for 8.081)
]]></system-out>
  <system-err><![CDATA[]]></system-err>
</testsuite>
