<?xml version="1.0" encoding="UTF-8"?>
<testsuite name="com.example.accessingdatamysql.modelsTemp.UserTest" tests="8" skipped="0" failures="0" errors="0" timestamp="2021-01-17T15:14:39" hostname="DESKTOP-THMDKJJ" time="0.031">
  <properties/>
  <testcase name="setPassword()" classname="com.example.accessingdatamysql.modelsTemp.UserTest" time="0.004"/>
  <testcase name="getPassword()" classname="com.example.accessingdatamysql.modelsTemp.UserTest" time="0.004"/>
  <testcase name="getId()" classname="com.example.accessingdatamysql.modelsTemp.UserTest" time="0.003"/>
  <testcase name="setId()" classname="com.example.accessingdatamysql.modelsTemp.UserTest" time="0.002"/>
  <testcase name="setEmail()" classname="com.example.accessingdatamysql.modelsTemp.UserTest" time="0.003"/>
  <testcase name="setUsername()" classname="com.example.accessingdatamysql.modelsTemp.UserTest" time="0.004"/>
  <testcase name="getUsername()" classname="com.example.accessingdatamysql.modelsTemp.UserTest" time="0.003"/>
  <testcase name="getEmail()" classname="com.example.accessingdatamysql.modelsTemp.UserTest" time="0.003"/>
  <system-out><![CDATA[2021-01-17 16:14:39.270  INFO 20720 --- [    Test worker] .b.t.c.SpringBootTestContextBootstrapper : Neither @ContextConfiguration nor @ContextHierarchy found for test class [com.example.accessingdatamysql.modelsTemp.UserTest], using SpringBootContextLoader
2021-01-17 16:14:39.271  INFO 20720 --- [    Test worker] o.s.t.c.support.AbstractContextLoader    : Could not detect default resource locations for test class [com.example.accessingdatamysql.modelsTemp.UserTest]: no resource found for suffixes {-context.xml, Context.groovy}.
2021-01-17 16:14:39.271  INFO 20720 --- [    Test worker] t.c.s.AnnotationConfigContextLoaderUtils : Could not detect default configuration classes for test class [com.example.accessingdatamysql.modelsTemp.UserTest]: UserTest does not declare any static, non-private, non-final, nested classes annotated with @Configuration.
2021-01-17 16:14:39.272  INFO 20720 --- [    Test worker] .b.t.c.SpringBootTestContextBootstrapper : Found @SpringBootConfiguration com.example.accessingdatamysql.AccessingDataMysqlApplication for test class com.example.accessingdatamysql.modelsTemp.UserTest
2021-01-17 16:14:39.274  INFO 20720 --- [    Test worker] .b.t.c.SpringBootTestContextBootstrapper : Loaded default TestExecutionListener class names from location [META-INF/spring.factories]: [org.springframework.security.test.context.support.WithSecurityContextTestExecutionListener, org.springframework.security.test.context.support.ReactorContextTestExecutionListener, org.springframework.boot.test.autoconfigure.restdocs.RestDocsTestExecutionListener, org.springframework.boot.test.autoconfigure.web.client.MockRestServiceServerResetTestExecutionListener, org.springframework.boot.test.autoconfigure.web.servlet.MockMvcPrintOnlyOnFailureTestExecutionListener, org.springframework.boot.test.autoconfigure.web.servlet.WebDriverTestExecutionListener, org.springframework.boot.test.autoconfigure.webservices.client.MockWebServiceServerTestExecutionListener, org.springframework.boot.test.mock.mockito.MockitoTestExecutionListener, org.springframework.boot.test.mock.mockito.ResetMocksTestExecutionListener, org.springframework.test.context.web.ServletTestExecutionListener, org.springframework.test.context.support.DirtiesContextBeforeModesTestExecutionListener, org.springframework.test.context.support.DependencyInjectionTestExecutionListener, org.springframework.test.context.support.DirtiesContextTestExecutionListener, org.springframework.test.context.transaction.TransactionalTestExecutionListener, org.springframework.test.context.jdbc.SqlScriptsTestExecutionListener, org.springframework.test.context.event.EventPublishingTestExecutionListener]
2021-01-17 16:14:39.275  INFO 20720 --- [    Test worker] .b.t.c.SpringBootTestContextBootstrapper : Using TestExecutionListeners: [org.springframework.test.context.web.ServletTestExecutionListener@6d03ed1b, org.springframework.test.context.support.DirtiesContextBeforeModesTestExecutionListener@3d2367e1, org.springframework.boot.test.mock.mockito.MockitoTestExecutionListener@3b82136a, org.springframework.boot.test.autoconfigure.SpringBootDependencyInjectionTestExecutionListener@70da8cc8, org.springframework.test.context.support.DirtiesContextTestExecutionListener@2c3dcfd, org.springframework.test.context.transaction.TransactionalTestExecutionListener@2479af2b, org.springframework.test.context.jdbc.SqlScriptsTestExecutionListener@f4be18d, org.springframework.security.test.context.support.WithSecurityContextTestExecutionListener@2b538060, org.springframework.test.context.event.EventPublishingTestExecutionListener@376b95c3, org.springframework.security.test.context.support.ReactorContextTestExecutionListener@5e0264f2, org.springframework.boot.test.autoconfigure.restdocs.RestDocsTestExecutionListener@e95a136, org.springframework.boot.test.autoconfigure.web.client.MockRestServiceServerResetTestExecutionListener@39726004, org.springframework.boot.test.autoconfigure.web.servlet.MockMvcPrintOnlyOnFailureTestExecutionListener@52dc2f64, org.springframework.boot.test.autoconfigure.web.servlet.WebDriverTestExecutionListener@1fb4f439, org.springframework.boot.test.autoconfigure.webservices.client.MockWebServiceServerTestExecutionListener@3c0b7ae8, org.springframework.boot.test.mock.mockito.ResetMocksTestExecutionListener@16d34f2d]
]]></system-out>
  <system-err><![CDATA[]]></system-err>
</testsuite>
