<?xml version="1.0" encoding="UTF-8"?>
<testsuite name="com.example.accessingdatamysql.modelsTemp.UserTest" tests="8" skipped="0" failures="0" errors="0" timestamp="2020-11-19T23:29:54" hostname="DESKTOP-THMDKJJ" time="0.034">
  <properties/>
  <testcase name="setPassword()" classname="com.example.accessingdatamysql.modelsTemp.UserTest" time="0.003"/>
  <testcase name="getPassword()" classname="com.example.accessingdatamysql.modelsTemp.UserTest" time="0.003"/>
  <testcase name="getId()" classname="com.example.accessingdatamysql.modelsTemp.UserTest" time="0.003"/>
  <testcase name="setId()" classname="com.example.accessingdatamysql.modelsTemp.UserTest" time="0.004"/>
  <testcase name="setEmail()" classname="com.example.accessingdatamysql.modelsTemp.UserTest" time="0.004"/>
  <testcase name="setUsername()" classname="com.example.accessingdatamysql.modelsTemp.UserTest" time="0.003"/>
  <testcase name="getUsername()" classname="com.example.accessingdatamysql.modelsTemp.UserTest" time="0.003"/>
  <testcase name="getEmail()" classname="com.example.accessingdatamysql.modelsTemp.UserTest" time="0.004"/>
  <system-out><![CDATA[2020-11-20 00:29:54.177  INFO 9620 --- [    Test worker] .b.t.c.SpringBootTestContextBootstrapper : Neither @ContextConfiguration nor @ContextHierarchy found for test class [com.example.accessingdatamysql.modelsTemp.UserTest], using SpringBootContextLoader
2020-11-20 00:29:54.178  INFO 9620 --- [    Test worker] o.s.t.c.support.AbstractContextLoader    : Could not detect default resource locations for test class [com.example.accessingdatamysql.modelsTemp.UserTest]: no resource found for suffixes {-context.xml, Context.groovy}.
2020-11-20 00:29:54.178  INFO 9620 --- [    Test worker] t.c.s.AnnotationConfigContextLoaderUtils : Could not detect default configuration classes for test class [com.example.accessingdatamysql.modelsTemp.UserTest]: UserTest does not declare any static, non-private, non-final, nested classes annotated with @Configuration.
2020-11-20 00:29:54.179  INFO 9620 --- [    Test worker] .b.t.c.SpringBootTestContextBootstrapper : Found @SpringBootConfiguration com.example.accessingdatamysql.AccessingDataMysqlApplication for test class com.example.accessingdatamysql.modelsTemp.UserTest
2020-11-20 00:29:54.181  INFO 9620 --- [    Test worker] .b.t.c.SpringBootTestContextBootstrapper : Loaded default TestExecutionListener class names from location [META-INF/spring.factories]: [org.springframework.security.test.context.support.WithSecurityContextTestExecutionListener, org.springframework.security.test.context.support.ReactorContextTestExecutionListener, org.springframework.boot.test.autoconfigure.restdocs.RestDocsTestExecutionListener, org.springframework.boot.test.autoconfigure.web.client.MockRestServiceServerResetTestExecutionListener, org.springframework.boot.test.autoconfigure.web.servlet.MockMvcPrintOnlyOnFailureTestExecutionListener, org.springframework.boot.test.autoconfigure.web.servlet.WebDriverTestExecutionListener, org.springframework.boot.test.autoconfigure.webservices.client.MockWebServiceServerTestExecutionListener, org.springframework.boot.test.mock.mockito.MockitoTestExecutionListener, org.springframework.boot.test.mock.mockito.ResetMocksTestExecutionListener, org.springframework.test.context.web.ServletTestExecutionListener, org.springframework.test.context.support.DirtiesContextBeforeModesTestExecutionListener, org.springframework.test.context.support.DependencyInjectionTestExecutionListener, org.springframework.test.context.support.DirtiesContextTestExecutionListener, org.springframework.test.context.transaction.TransactionalTestExecutionListener, org.springframework.test.context.jdbc.SqlScriptsTestExecutionListener, org.springframework.test.context.event.EventPublishingTestExecutionListener]
2020-11-20 00:29:54.182  INFO 9620 --- [    Test worker] .b.t.c.SpringBootTestContextBootstrapper : Using TestExecutionListeners: [org.springframework.test.context.web.ServletTestExecutionListener@5764a17, org.springframework.test.context.support.DirtiesContextBeforeModesTestExecutionListener@3436c33f, org.springframework.boot.test.mock.mockito.MockitoTestExecutionListener@3b3410d9, org.springframework.boot.test.autoconfigure.SpringBootDependencyInjectionTestExecutionListener@39a37eec, org.springframework.test.context.support.DirtiesContextTestExecutionListener@e32ad3d, org.springframework.test.context.transaction.TransactionalTestExecutionListener@c9fa8ff, org.springframework.test.context.jdbc.SqlScriptsTestExecutionListener@17b6c36d, org.springframework.security.test.context.support.WithSecurityContextTestExecutionListener@35c09b69, org.springframework.test.context.event.EventPublishingTestExecutionListener@2e8093a9, org.springframework.security.test.context.support.ReactorContextTestExecutionListener@5fa90ed6, org.springframework.boot.test.autoconfigure.restdocs.RestDocsTestExecutionListener@7e2503e5, org.springframework.boot.test.autoconfigure.web.client.MockRestServiceServerResetTestExecutionListener@4f8fc49b, org.springframework.boot.test.autoconfigure.web.servlet.MockMvcPrintOnlyOnFailureTestExecutionListener@65381b18, org.springframework.boot.test.autoconfigure.web.servlet.WebDriverTestExecutionListener@72f076d7, org.springframework.boot.test.autoconfigure.webservices.client.MockWebServiceServerTestExecutionListener@249c6947, org.springframework.boot.test.mock.mockito.ResetMocksTestExecutionListener@1586da53]
]]></system-out>
  <system-err><![CDATA[]]></system-err>
</testsuite>
