<?xml version="1.0" encoding="UTF-8"?>
<testsuite name="com.example.accessingdatamysql.modelsTemp.CategoryTest" tests="4" skipped="0" failures="0" errors="0" timestamp="2020-11-22T20:01:22" hostname="DESKTOP-THMDKJJ" time="0.014">
  <properties/>
  <testcase name="getName()" classname="com.example.accessingdatamysql.modelsTemp.CategoryTest" time="0.003"/>
  <testcase name="getCategoryId()" classname="com.example.accessingdatamysql.modelsTemp.CategoryTest" time="0.003"/>
  <testcase name="setCategoryId()" classname="com.example.accessingdatamysql.modelsTemp.CategoryTest" time="0.003"/>
  <testcase name="setName()" classname="com.example.accessingdatamysql.modelsTemp.CategoryTest" time="0.003"/>
  <system-out><![CDATA[2020-11-22 21:01:20.917  INFO 7208 --- [    Test worker] .b.t.c.SpringBootTestContextBootstrapper : Neither @ContextConfiguration nor @ContextHierarchy found for test class [com.example.accessingdatamysql.modelsTemp.CategoryTest], using SpringBootContextLoader
2020-11-22 21:01:20.918  INFO 7208 --- [    Test worker] o.s.t.c.support.AbstractContextLoader    : Could not detect default resource locations for test class [com.example.accessingdatamysql.modelsTemp.CategoryTest]: no resource found for suffixes {-context.xml, Context.groovy}.
2020-11-22 21:01:20.919  INFO 7208 --- [    Test worker] t.c.s.AnnotationConfigContextLoaderUtils : Could not detect default configuration classes for test class [com.example.accessingdatamysql.modelsTemp.CategoryTest]: CategoryTest does not declare any static, non-private, non-final, nested classes annotated with @Configuration.
2020-11-22 21:01:20.927  INFO 7208 --- [    Test worker] .b.t.c.SpringBootTestContextBootstrapper : Found @SpringBootConfiguration com.example.accessingdatamysql.AccessingDataMysqlApplication for test class com.example.accessingdatamysql.modelsTemp.CategoryTest
2020-11-22 21:01:20.929  INFO 7208 --- [    Test worker] .b.t.c.SpringBootTestContextBootstrapper : Loaded default TestExecutionListener class names from location [META-INF/spring.factories]: [org.springframework.security.test.context.support.WithSecurityContextTestExecutionListener, org.springframework.security.test.context.support.ReactorContextTestExecutionListener, org.springframework.boot.test.autoconfigure.restdocs.RestDocsTestExecutionListener, org.springframework.boot.test.autoconfigure.web.client.MockRestServiceServerResetTestExecutionListener, org.springframework.boot.test.autoconfigure.web.servlet.MockMvcPrintOnlyOnFailureTestExecutionListener, org.springframework.boot.test.autoconfigure.web.servlet.WebDriverTestExecutionListener, org.springframework.boot.test.autoconfigure.webservices.client.MockWebServiceServerTestExecutionListener, org.springframework.boot.test.mock.mockito.MockitoTestExecutionListener, org.springframework.boot.test.mock.mockito.ResetMocksTestExecutionListener, org.springframework.test.context.web.ServletTestExecutionListener, org.springframework.test.context.support.DirtiesContextBeforeModesTestExecutionListener, org.springframework.test.context.support.DependencyInjectionTestExecutionListener, org.springframework.test.context.support.DirtiesContextTestExecutionListener, org.springframework.test.context.transaction.TransactionalTestExecutionListener, org.springframework.test.context.jdbc.SqlScriptsTestExecutionListener, org.springframework.test.context.event.EventPublishingTestExecutionListener]
2020-11-22 21:01:20.929  INFO 7208 --- [    Test worker] .b.t.c.SpringBootTestContextBootstrapper : Using TestExecutionListeners: [org.springframework.test.context.web.ServletTestExecutionListener@7dfebf0a, org.springframework.test.context.support.DirtiesContextBeforeModesTestExecutionListener@69ca62ae, org.springframework.boot.test.mock.mockito.MockitoTestExecutionListener@10b70754, org.springframework.boot.test.autoconfigure.SpringBootDependencyInjectionTestExecutionListener@7e9f7f4d, org.springframework.test.context.support.DirtiesContextTestExecutionListener@7691997b, org.springframework.test.context.transaction.TransactionalTestExecutionListener@4cf45a15, org.springframework.test.context.jdbc.SqlScriptsTestExecutionListener@64d16978, org.springframework.security.test.context.support.WithSecurityContextTestExecutionListener@613117b8, org.springframework.test.context.event.EventPublishingTestExecutionListener@1b9110a4, org.springframework.security.test.context.support.ReactorContextTestExecutionListener@75dbc531, org.springframework.boot.test.autoconfigure.restdocs.RestDocsTestExecutionListener@1aaef85b, org.springframework.boot.test.autoconfigure.web.client.MockRestServiceServerResetTestExecutionListener@734bb061, org.springframework.boot.test.autoconfigure.web.servlet.MockMvcPrintOnlyOnFailureTestExecutionListener@60cc8a9c, org.springframework.boot.test.autoconfigure.web.servlet.WebDriverTestExecutionListener@4b9539f9, org.springframework.boot.test.autoconfigure.webservices.client.MockWebServiceServerTestExecutionListener@26146cf0, org.springframework.boot.test.mock.mockito.ResetMocksTestExecutionListener@87218eb]

  .   ____          _            __ _ _
 /\\ / ___'_ __ _ _(_)_ __  __ _ \ \ \ \
( ( )\___ | '_ | '_| | '_ \/ _` | \ \ \ \
 \\/  ___)| |_)| | | | | || (_| |  ) ) ) )
  '  |____| .__|_| |_|_| |_\__, | / / / /
 =========|_|==============|___/=/_/_/_/
 :: Spring Boot ::        (v2.3.2.RELEASE)

2020-11-22 21:01:20.954  INFO 7208 --- [    Test worker] c.e.a.modelsTemp.CategoryTest            : Starting CategoryTest on DESKTOP-THMDKJJ with PID 7208 (started by jakit in C:\Users\jakit\INDIVIDUAL\tennis-website\individual-assignment-db)
2020-11-22 21:01:20.954  INFO 7208 --- [    Test worker] c.e.a.modelsTemp.CategoryTest            : No active profile set, falling back to default profiles: default
2020-11-22 21:01:21.135  INFO 7208 --- [    Test worker] .s.d.r.c.RepositoryConfigurationDelegate : Bootstrapping Spring Data JPA repositories in DEFERRED mode.
2020-11-22 21:01:21.165  INFO 7208 --- [    Test worker] .s.d.r.c.RepositoryConfigurationDelegate : Finished Spring Data repository scanning in 30ms. Found 4 JPA repository interfaces.
2020-11-22 21:01:21.257  INFO 7208 --- [    Test worker] trationDelegate$BeanPostProcessorChecker : Bean 'org.springframework.security.access.expression.method.DefaultMethodSecurityExpressionHandler@98da410' of type [org.springframework.security.access.expression.method.DefaultMethodSecurityExpressionHandler] is not eligible for getting processed by all BeanPostProcessors (for example: not eligible for auto-proxying)
2020-11-22 21:01:21.264  INFO 7208 --- [    Test worker] trationDelegate$BeanPostProcessorChecker : Bean 'methodSecurityMetadataSource' of type [org.springframework.security.access.method.DelegatingMethodSecurityMetadataSource] is not eligible for getting processed by all BeanPostProcessors (for example: not eligible for auto-proxying)
2020-11-22 21:01:21.328  INFO 7208 --- [    Test worker] o.s.s.concurrent.ThreadPoolTaskExecutor  : Initializing ExecutorService 'applicationTaskExecutor'
2020-11-22 21:01:21.354  INFO 7208 --- [         task-1] o.hibernate.jpa.internal.util.LogHelper  : HHH000204: Processing PersistenceUnitInfo [name: default]
2020-11-22 21:01:21.363  INFO 7208 --- [         task-1] com.zaxxer.hikari.HikariDataSource       : HikariPool-4 - Starting...
2020-11-22 21:01:21.367  INFO 7208 --- [         task-1] com.zaxxer.hikari.HikariDataSource       : HikariPool-4 - Start completed.
2020-11-22 21:01:21.367  INFO 7208 --- [         task-1] org.hibernate.dialect.Dialect            : HHH000400: Using dialect: org.hibernate.dialect.MySQL5Dialect
2020-11-22 21:01:21.408  WARN 7208 --- [    Test worker] JpaBaseConfiguration$JpaWebConfiguration : spring.jpa.open-in-view is enabled by default. Therefore, database queries may be performed during view rendering. Explicitly configure spring.jpa.open-in-view to disable this warning
Hibernate: alter table product add constraint FK1mtsbur82frn64de7balymq9s foreign key (category_id) references category (category_id)
Hibernate: alter table user_roles add constraint FKh8ciramu9cc9q3qcqiv4ue8a6 foreign key (role_id) references roles (id)
Hibernate: alter table user_roles add constraint FKdbvuadud2ojo5h5eophd815rv foreign key (user_auth_id) references users (id)
2020-11-22 21:01:21.599  INFO 7208 --- [         task-1] o.h.e.t.j.p.i.JtaPlatformInitiator       : HHH000490: Using JtaPlatform implementation: [org.hibernate.engine.transaction.jta.platform.internal.NoJtaPlatform]
2020-11-22 21:01:21.600  INFO 7208 --- [         task-1] j.LocalContainerEntityManagerFactoryBean : Initialized JPA EntityManagerFactory for persistence unit 'default'
2020-11-22 21:01:21.652  INFO 7208 --- [    Test worker] o.s.b.a.w.s.WelcomePageHandlerMapping    : Adding welcome page: class path resource [static/index.html]
2020-11-22 21:01:21.771  INFO 7208 --- [    Test worker] o.s.s.web.DefaultSecurityFilterChain     : Creating filter chain: any request, [org.springframework.security.web.context.request.async.WebAsyncManagerIntegrationFilter@b1252c6, org.springframework.security.web.context.SecurityContextPersistenceFilter@5ef2485b, org.springframework.security.web.header.HeaderWriterFilter@5c60e65d, org.springframework.web.filter.CorsFilter@3c5d4752, org.springframework.security.web.authentication.logout.LogoutFilter@5e8f30ab, com.example.accessingdatamysql.security.jwt.AuthTokenFilter@498b03fd, org.springframework.security.web.savedrequest.RequestCacheAwareFilter@3970a11e, org.springframework.security.web.servletapi.SecurityContextHolderAwareRequestFilter@6279fa63, org.springframework.security.web.authentication.AnonymousAuthenticationFilter@1ff5f313, org.springframework.security.web.session.SessionManagementFilter@30e6e9c, org.springframework.security.web.access.ExceptionTranslationFilter@28d9e79c, org.springframework.security.web.access.intercept.FilterSecurityInterceptor@7fc0f2b8]
2020-11-22 21:01:22.034  INFO 7208 --- [    Test worker] DeferredRepositoryInitializationListener : Triggering deferred initialization of Spring Data repositories…
2020-11-22 21:01:22.127  INFO 7208 --- [    Test worker] DeferredRepositoryInitializationListener : Spring Data repositories initialized!
2020-11-22 21:01:22.129  INFO 7208 --- [    Test worker] c.e.a.modelsTemp.CategoryTest            : Started CategoryTest in 1.197 seconds (JVM running for 10.436)
]]></system-out>
  <system-err><![CDATA[]]></system-err>
</testsuite>
