<?xml version="1.0" encoding="UTF-8"?>
<testsuite name="com.example.accessingdatamysql.Controllers.ProductControllerTest" tests="6" skipped="0" failures="0" errors="0" timestamp="2020-11-05T14:57:41" hostname="DESKTOP-CP7O3R7" time="0.121">
  <properties/>
  <testcase name="deleteActualProduct()" classname="com.example.accessingdatamysql.Controllers.ProductControllerTest" time="0.067"/>
  <testcase name="findProductByName()" classname="com.example.accessingdatamysql.Controllers.ProductControllerTest" time="0.024"/>
  <testcase name="getAllProductsWhenThereAreNone()" classname="com.example.accessingdatamysql.Controllers.ProductControllerTest" time="0.005"/>
  <testcase name="getAllProductsWhenThereAreSome()" classname="com.example.accessingdatamysql.Controllers.ProductControllerTest" time="0.006"/>
  <testcase name="updateExistingProduct()" classname="com.example.accessingdatamysql.Controllers.ProductControllerTest" time="0.005"/>
  <testcase name="productNotFound()" classname="com.example.accessingdatamysql.Controllers.ProductControllerTest" time="0.008"/>
  <system-out><![CDATA[15:57:36.688 [Test worker] DEBUG org.springframework.test.context.BootstrapUtils - Instantiating CacheAwareContextLoaderDelegate from class [org.springframework.test.context.cache.DefaultCacheAwareContextLoaderDelegate]
15:57:36.698 [Test worker] DEBUG org.springframework.test.context.BootstrapUtils - Instantiating BootstrapContext using constructor [public org.springframework.test.context.support.DefaultBootstrapContext(java.lang.Class,org.springframework.test.context.CacheAwareContextLoaderDelegate)]
15:57:36.733 [Test worker] DEBUG org.springframework.test.context.BootstrapUtils - Instantiating TestContextBootstrapper for test class [com.example.accessingdatamysql.Controllers.ProductControllerTest] from class [org.springframework.boot.test.context.SpringBootTestContextBootstrapper]
15:57:36.744 [Test worker] INFO org.springframework.boot.test.context.SpringBootTestContextBootstrapper - Neither @ContextConfiguration nor @ContextHierarchy found for test class [com.example.accessingdatamysql.Controllers.ProductControllerTest], using SpringBootContextLoader
15:57:36.749 [Test worker] DEBUG org.springframework.test.context.support.AbstractContextLoader - Did not detect default resource location for test class [com.example.accessingdatamysql.Controllers.ProductControllerTest]: class path resource [com/example/accessingdatamysql/Controllers/ProductControllerTest-context.xml] does not exist
15:57:36.750 [Test worker] DEBUG org.springframework.test.context.support.AbstractContextLoader - Did not detect default resource location for test class [com.example.accessingdatamysql.Controllers.ProductControllerTest]: class path resource [com/example/accessingdatamysql/Controllers/ProductControllerTestContext.groovy] does not exist
15:57:36.750 [Test worker] INFO org.springframework.test.context.support.AbstractContextLoader - Could not detect default resource locations for test class [com.example.accessingdatamysql.Controllers.ProductControllerTest]: no resource found for suffixes {-context.xml, Context.groovy}.
15:57:36.751 [Test worker] INFO org.springframework.test.context.support.AnnotationConfigContextLoaderUtils - Could not detect default configuration classes for test class [com.example.accessingdatamysql.Controllers.ProductControllerTest]: ProductControllerTest does not declare any static, non-private, non-final, nested classes annotated with @Configuration.
15:57:36.792 [Test worker] DEBUG org.springframework.test.context.support.ActiveProfilesUtils - Could not find an 'annotation declaring class' for annotation type [org.springframework.test.context.ActiveProfiles] and class [com.example.accessingdatamysql.Controllers.ProductControllerTest]
15:57:36.891 [Test worker] DEBUG org.springframework.context.annotation.ClassPathScanningCandidateComponentProvider - Identified candidate component class: file [C:\Users\jakit\INDIVIDUAL\tennis-website\individual-assignment-db\build\classes\java\main\com\example\accessingdatamysql\AccessingDataMysqlApplication.class]
15:57:36.892 [Test worker] INFO org.springframework.boot.test.context.SpringBootTestContextBootstrapper - Found @SpringBootConfiguration com.example.accessingdatamysql.AccessingDataMysqlApplication for test class com.example.accessingdatamysql.Controllers.ProductControllerTest
15:57:36.979 [Test worker] DEBUG org.springframework.boot.test.context.SpringBootTestContextBootstrapper - @TestExecutionListeners is not present for class [com.example.accessingdatamysql.Controllers.ProductControllerTest]: using defaults.
15:57:36.980 [Test worker] INFO org.springframework.boot.test.context.SpringBootTestContextBootstrapper - Loaded default TestExecutionListener class names from location [META-INF/spring.factories]: [org.springframework.security.test.context.support.WithSecurityContextTestExecutionListener, org.springframework.security.test.context.support.ReactorContextTestExecutionListener, org.springframework.boot.test.autoconfigure.restdocs.RestDocsTestExecutionListener, org.springframework.boot.test.autoconfigure.web.client.MockRestServiceServerResetTestExecutionListener, org.springframework.boot.test.autoconfigure.web.servlet.MockMvcPrintOnlyOnFailureTestExecutionListener, org.springframework.boot.test.autoconfigure.web.servlet.WebDriverTestExecutionListener, org.springframework.boot.test.autoconfigure.webservices.client.MockWebServiceServerTestExecutionListener, org.springframework.boot.test.mock.mockito.MockitoTestExecutionListener, org.springframework.boot.test.mock.mockito.ResetMocksTestExecutionListener, org.springframework.test.context.web.ServletTestExecutionListener, org.springframework.test.context.support.DirtiesContextBeforeModesTestExecutionListener, org.springframework.test.context.support.DependencyInjectionTestExecutionListener, org.springframework.test.context.support.DirtiesContextTestExecutionListener, org.springframework.test.context.transaction.TransactionalTestExecutionListener, org.springframework.test.context.jdbc.SqlScriptsTestExecutionListener, org.springframework.test.context.event.EventPublishingTestExecutionListener]
15:57:36.998 [Test worker] INFO org.springframework.boot.test.context.SpringBootTestContextBootstrapper - Using TestExecutionListeners: [org.springframework.test.context.web.ServletTestExecutionListener@55feb3cf, org.springframework.test.context.support.DirtiesContextBeforeModesTestExecutionListener@43f67153, org.springframework.boot.test.mock.mockito.MockitoTestExecutionListener@7b1e8327, org.springframework.boot.test.autoconfigure.SpringBootDependencyInjectionTestExecutionListener@6d79612a, org.springframework.test.context.support.DirtiesContextTestExecutionListener@4db9c781, org.springframework.test.context.transaction.TransactionalTestExecutionListener@3db54b8c, org.springframework.test.context.jdbc.SqlScriptsTestExecutionListener@32bde0a6, org.springframework.security.test.context.support.WithSecurityContextTestExecutionListener@146bb7ea, org.springframework.test.context.event.EventPublishingTestExecutionListener@17edff29, org.springframework.security.test.context.support.ReactorContextTestExecutionListener@133f73, org.springframework.boot.test.autoconfigure.restdocs.RestDocsTestExecutionListener@5df65707, org.springframework.boot.test.autoconfigure.web.client.MockRestServiceServerResetTestExecutionListener@146b6fb4, org.springframework.boot.test.autoconfigure.web.servlet.MockMvcPrintOnlyOnFailureTestExecutionListener@6c07cea7, org.springframework.boot.test.autoconfigure.web.servlet.WebDriverTestExecutionListener@75768cf3, org.springframework.boot.test.autoconfigure.webservices.client.MockWebServiceServerTestExecutionListener@1ad7b335, org.springframework.boot.test.mock.mockito.ResetMocksTestExecutionListener@558e6914]
15:57:37.002 [Test worker] DEBUG org.springframework.test.context.support.AbstractDirtiesContextTestExecutionListener - Before test class: context [DefaultTestContext@536efa8d testClass = ProductControllerTest, testInstance = [null], testMethod = [null], testException = [null], mergedContextConfiguration = [WebMergedContextConfiguration@4a7002eb testClass = ProductControllerTest, locations = '{}', classes = '{class com.example.accessingdatamysql.AccessingDataMysqlApplication}', contextInitializerClasses = '[]', activeProfiles = '{}', propertySourceLocations = '{}', propertySourceProperties = '{org.springframework.boot.test.context.SpringBootTestContextBootstrapper=true}', contextCustomizers = set[org.springframework.boot.test.autoconfigure.properties.PropertyMappingContextCustomizer@0, org.springframework.boot.test.autoconfigure.web.servlet.WebDriverContextCustomizerFactory$Customizer@7fcabced, org.springframework.boot.test.context.filter.ExcludeFilterContextCustomizer@6c721904, org.springframework.boot.test.json.DuplicateJsonObjectContextCustomizerFactory$DuplicateJsonObjectContextCustomizer@20a3e14b, org.springframework.boot.test.mock.mockito.MockitoContextCustomizer@4e93f82c, org.springframework.boot.test.web.client.TestRestTemplateContextCustomizer@22556aaa, org.springframework.boot.test.context.SpringBootTestArgs@1], resourceBasePath = 'src/main/webapp', contextLoader = 'org.springframework.boot.test.context.SpringBootContextLoader', parent = [null]], attributes = map['org.springframework.test.context.web.ServletTestExecutionListener.activateListener' -> true]], class annotated with @DirtiesContext [false] with mode [null].
15:57:37.030 [Test worker] DEBUG org.springframework.test.context.support.TestPropertySourceUtils - Adding inlined properties to environment: {spring.jmx.enabled=false, org.springframework.boot.test.context.SpringBootTestContextBootstrapper=true}

  .   ____          _            __ _ _
 /\\ / ___'_ __ _ _(_)_ __  __ _ \ \ \ \
( ( )\___ | '_ | '_| | '_ \/ _` | \ \ \ \
 \\/  ___)| |_)| | | | | || (_| |  ) ) ) )
  '  |____| .__|_| |_|_| |_\__, | / / / /
 =========|_|==============|___/=/_/_/_/
 :: Spring Boot ::        (v2.3.2.RELEASE)

2020-11-05 15:57:37.268  INFO 2220 --- [    Test worker] c.e.a.Controllers.ProductControllerTest  : Starting ProductControllerTest on DESKTOP-CP7O3R7 with PID 2220 (started by jakit in C:\Users\jakit\INDIVIDUAL\tennis-website\individual-assignment-db)
2020-11-05 15:57:37.270  INFO 2220 --- [    Test worker] c.e.a.Controllers.ProductControllerTest  : No active profile set, falling back to default profiles: default
2020-11-05 15:57:37.942  INFO 2220 --- [    Test worker] .s.d.r.c.RepositoryConfigurationDelegate : Bootstrapping Spring Data JPA repositories in DEFERRED mode.
2020-11-05 15:57:38.035  INFO 2220 --- [    Test worker] .s.d.r.c.RepositoryConfigurationDelegate : Finished Spring Data repository scanning in 86ms. Found 7 JPA repository interfaces.
2020-11-05 15:57:38.730  INFO 2220 --- [    Test worker] trationDelegate$BeanPostProcessorChecker : Bean 'org.springframework.security.access.expression.method.DefaultMethodSecurityExpressionHandler@48e73b88' of type [org.springframework.security.access.expression.method.DefaultMethodSecurityExpressionHandler] is not eligible for getting processed by all BeanPostProcessors (for example: not eligible for auto-proxying)
2020-11-05 15:57:38.742  INFO 2220 --- [    Test worker] trationDelegate$BeanPostProcessorChecker : Bean 'methodSecurityMetadataSource' of type [org.springframework.security.access.method.DelegatingMethodSecurityMetadataSource] is not eligible for getting processed by all BeanPostProcessors (for example: not eligible for auto-proxying)
2020-11-05 15:57:38.956  INFO 2220 --- [    Test worker] o.s.s.concurrent.ThreadPoolTaskExecutor  : Initializing ExecutorService 'applicationTaskExecutor'
2020-11-05 15:57:39.019  INFO 2220 --- [         task-1] o.hibernate.jpa.internal.util.LogHelper  : HHH000204: Processing PersistenceUnitInfo [name: default]
2020-11-05 15:57:39.085  INFO 2220 --- [         task-1] org.hibernate.Version                    : HHH000412: Hibernate ORM core version 5.4.18.Final
2020-11-05 15:57:39.087  WARN 2220 --- [    Test worker] JpaBaseConfiguration$JpaWebConfiguration : spring.jpa.open-in-view is enabled by default. Therefore, database queries may be performed during view rendering. Explicitly configure spring.jpa.open-in-view to disable this warning
2020-11-05 15:57:39.141  INFO 2220 --- [         task-1] o.hibernate.annotations.common.Version   : HCANN000001: Hibernate Commons Annotations {5.1.0.Final}
2020-11-05 15:57:39.252  INFO 2220 --- [         task-1] com.zaxxer.hikari.HikariDataSource       : HikariPool-1 - Starting...
2020-11-05 15:57:39.430  INFO 2220 --- [         task-1] com.zaxxer.hikari.HikariDataSource       : HikariPool-1 - Start completed.
2020-11-05 15:57:39.446  INFO 2220 --- [         task-1] org.hibernate.dialect.Dialect            : HHH000400: Using dialect: org.hibernate.dialect.MySQL5Dialect
2020-11-05 15:57:39.632  INFO 2220 --- [    Test worker] o.s.b.a.w.s.WelcomePageHandlerMapping    : Adding welcome page: class path resource [static/index.html]
2020-11-05 15:57:39.885  INFO 2220 --- [    Test worker] o.s.s.web.DefaultSecurityFilterChain     : Creating filter chain: any request, [org.springframework.security.web.context.request.async.WebAsyncManagerIntegrationFilter@300f1b23, org.springframework.security.web.context.SecurityContextPersistenceFilter@7b1fe793, org.springframework.security.web.header.HeaderWriterFilter@61ab99ec, org.springframework.web.filter.CorsFilter@2058d298, org.springframework.security.web.authentication.logout.LogoutFilter@49430235, com.example.accessingdatamysql.security.jwt.AuthTokenFilter@592ce93e, org.springframework.security.web.savedrequest.RequestCacheAwareFilter@77560875, org.springframework.security.web.servletapi.SecurityContextHolderAwareRequestFilter@42cd9621, org.springframework.security.web.authentication.AnonymousAuthenticationFilter@22d092b5, org.springframework.security.web.session.SessionManagementFilter@7eca3ff7, org.springframework.security.web.access.ExceptionTranslationFilter@101a495a, org.springframework.security.web.access.intercept.FilterSecurityInterceptor@6717ef9a]
Hibernate: alter table comment add constraint FKs1slvnkuemjsq2kj4h3vhx7i1 foreign key (post_id) references post (post_id)
Hibernate: alter table comment add constraint FK8kcum44fvpupyw6f5baccx25c foreign key (user_id) references user (user_id)
Hibernate: alter table product add constraint FK1mtsbur82frn64de7balymq9s foreign key (category_id) references category (category_id)
Hibernate: alter table user_roles add constraint FKh8ciramu9cc9q3qcqiv4ue8a6 foreign key (role_id) references roles (id)
Hibernate: alter table user_roles add constraint FKkib3numxej8xlsbs3ilf0u549 foreign key (user_auth_id) references users_auth (id)
2020-11-05 15:57:40.479  INFO 2220 --- [         task-1] o.h.e.t.j.p.i.JtaPlatformInitiator       : HHH000490: Using JtaPlatform implementation: [org.hibernate.engine.transaction.jta.platform.internal.NoJtaPlatform]
2020-11-05 15:57:40.493  INFO 2220 --- [    Test worker] DeferredRepositoryInitializationListener : Triggering deferred initialization of Spring Data repositories…
2020-11-05 15:57:40.494  INFO 2220 --- [         task-1] j.LocalContainerEntityManagerFactoryBean : Initialized JPA EntityManagerFactory for persistence unit 'default'
2020-11-05 15:57:41.117  INFO 2220 --- [    Test worker] DeferredRepositoryInitializationListener : Spring Data repositories initialized!
2020-11-05 15:57:41.130  INFO 2220 --- [    Test worker] c.e.a.Controllers.ProductControllerTest  : Started ProductControllerTest in 4.092 seconds (JVM running for 5.711)
]]></system-out>
  <system-err><![CDATA[]]></system-err>
</testsuite>
