<?xml version="1.0" encoding="UTF-8"?>
<testsuite name="com.example.accessingdatamysql.Controllers.UserControllerTest" tests="6" skipped="0" failures="0" errors="0" timestamp="2020-11-05T14:57:43" hostname="DESKTOP-CP7O3R7" time="0.073">
  <properties/>
  <testcase name="userNotFound()" classname="com.example.accessingdatamysql.Controllers.UserControllerTest" time="0.033"/>
  <testcase name="getAllUsersWhenThereAreNone()" classname="com.example.accessingdatamysql.Controllers.UserControllerTest" time="0.005"/>
  <testcase name="getAllUsersWhenThereAreSome()" classname="com.example.accessingdatamysql.Controllers.UserControllerTest" time="0.005"/>
  <testcase name="addNewValidUser()" classname="com.example.accessingdatamysql.Controllers.UserControllerTest" time="0.004"/>
  <testcase name="findUserByEmail()" classname="com.example.accessingdatamysql.Controllers.UserControllerTest" time="0.008"/>
  <testcase name="deleteActualUser()" classname="com.example.accessingdatamysql.Controllers.UserControllerTest" time="0.01"/>
  <system-out><![CDATA[2020-11-05 15:57:41.283  INFO 2220 --- [    Test worker] .b.t.c.SpringBootTestContextBootstrapper : Neither @ContextConfiguration nor @ContextHierarchy found for test class [com.example.accessingdatamysql.Controllers.UserControllerTest], using SpringBootContextLoader
2020-11-05 15:57:41.284  INFO 2220 --- [    Test worker] o.s.t.c.support.AbstractContextLoader    : Could not detect default resource locations for test class [com.example.accessingdatamysql.Controllers.UserControllerTest]: no resource found for suffixes {-context.xml, Context.groovy}.
2020-11-05 15:57:41.285  INFO 2220 --- [    Test worker] t.c.s.AnnotationConfigContextLoaderUtils : Could not detect default configuration classes for test class [com.example.accessingdatamysql.Controllers.UserControllerTest]: UserControllerTest does not declare any static, non-private, non-final, nested classes annotated with @Configuration.
2020-11-05 15:57:41.287  INFO 2220 --- [    Test worker] .b.t.c.SpringBootTestContextBootstrapper : Found @SpringBootConfiguration com.example.accessingdatamysql.AccessingDataMysqlApplication for test class com.example.accessingdatamysql.Controllers.UserControllerTest
2020-11-05 15:57:41.289  INFO 2220 --- [    Test worker] .b.t.c.SpringBootTestContextBootstrapper : Loaded default TestExecutionListener class names from location [META-INF/spring.factories]: [org.springframework.security.test.context.support.WithSecurityContextTestExecutionListener, org.springframework.security.test.context.support.ReactorContextTestExecutionListener, org.springframework.boot.test.autoconfigure.restdocs.RestDocsTestExecutionListener, org.springframework.boot.test.autoconfigure.web.client.MockRestServiceServerResetTestExecutionListener, org.springframework.boot.test.autoconfigure.web.servlet.MockMvcPrintOnlyOnFailureTestExecutionListener, org.springframework.boot.test.autoconfigure.web.servlet.WebDriverTestExecutionListener, org.springframework.boot.test.autoconfigure.webservices.client.MockWebServiceServerTestExecutionListener, org.springframework.boot.test.mock.mockito.MockitoTestExecutionListener, org.springframework.boot.test.mock.mockito.ResetMocksTestExecutionListener, org.springframework.test.context.web.ServletTestExecutionListener, org.springframework.test.context.support.DirtiesContextBeforeModesTestExecutionListener, org.springframework.test.context.support.DependencyInjectionTestExecutionListener, org.springframework.test.context.support.DirtiesContextTestExecutionListener, org.springframework.test.context.transaction.TransactionalTestExecutionListener, org.springframework.test.context.jdbc.SqlScriptsTestExecutionListener, org.springframework.test.context.event.EventPublishingTestExecutionListener]
2020-11-05 15:57:41.290  INFO 2220 --- [    Test worker] .b.t.c.SpringBootTestContextBootstrapper : Using TestExecutionListeners: [org.springframework.test.context.web.ServletTestExecutionListener@164fab45, org.springframework.test.context.support.DirtiesContextBeforeModesTestExecutionListener@65cbc712, org.springframework.boot.test.mock.mockito.MockitoTestExecutionListener@3ae3a1ed, org.springframework.boot.test.autoconfigure.SpringBootDependencyInjectionTestExecutionListener@245b2f7c, org.springframework.test.context.support.DirtiesContextTestExecutionListener@4fa5bd31, org.springframework.test.context.transaction.TransactionalTestExecutionListener@74ed0080, org.springframework.test.context.jdbc.SqlScriptsTestExecutionListener@53262b39, org.springframework.security.test.context.support.WithSecurityContextTestExecutionListener@2efbceee, org.springframework.test.context.event.EventPublishingTestExecutionListener@4c55a235, org.springframework.security.test.context.support.ReactorContextTestExecutionListener@50a0423f, org.springframework.boot.test.autoconfigure.restdocs.RestDocsTestExecutionListener@32bdd4f1, org.springframework.boot.test.autoconfigure.web.client.MockRestServiceServerResetTestExecutionListener@4241e0f6, org.springframework.boot.test.autoconfigure.web.servlet.MockMvcPrintOnlyOnFailureTestExecutionListener@23e4a681, org.springframework.boot.test.autoconfigure.web.servlet.WebDriverTestExecutionListener@7107b978, org.springframework.boot.test.autoconfigure.webservices.client.MockWebServiceServerTestExecutionListener@2dc1e1f5, org.springframework.boot.test.mock.mockito.ResetMocksTestExecutionListener@60caf2eb]

  .   ____          _            __ _ _
 /\\ / ___'_ __ _ _(_)_ __  __ _ \ \ \ \
( ( )\___ | '_ | '_| | '_ \/ _` | \ \ \ \
 \\/  ___)| |_)| | | | | || (_| |  ) ) ) )
  '  |____| .__|_| |_|_| |_\__, | / / / /
 =========|_|==============|___/=/_/_/_/
 :: Spring Boot ::        (v2.3.2.RELEASE)

2020-11-05 15:57:41.341  INFO 2220 --- [    Test worker] c.e.a.Controllers.UserControllerTest     : Starting UserControllerTest on DESKTOP-CP7O3R7 with PID 2220 (started by jakit in C:\Users\jakit\INDIVIDUAL\tennis-website\individual-assignment-db)
2020-11-05 15:57:41.341  INFO 2220 --- [    Test worker] c.e.a.Controllers.UserControllerTest     : No active profile set, falling back to default profiles: default
2020-11-05 15:57:41.648  INFO 2220 --- [    Test worker] .s.d.r.c.RepositoryConfigurationDelegate : Bootstrapping Spring Data JPA repositories in DEFERRED mode.
2020-11-05 15:57:41.695  INFO 2220 --- [    Test worker] .s.d.r.c.RepositoryConfigurationDelegate : Finished Spring Data repository scanning in 47ms. Found 7 JPA repository interfaces.
2020-11-05 15:57:41.856  INFO 2220 --- [    Test worker] trationDelegate$BeanPostProcessorChecker : Bean 'org.springframework.security.access.expression.method.DefaultMethodSecurityExpressionHandler@686d9ad4' of type [org.springframework.security.access.expression.method.DefaultMethodSecurityExpressionHandler] is not eligible for getting processed by all BeanPostProcessors (for example: not eligible for auto-proxying)
2020-11-05 15:57:41.867  INFO 2220 --- [    Test worker] trationDelegate$BeanPostProcessorChecker : Bean 'methodSecurityMetadataSource' of type [org.springframework.security.access.method.DelegatingMethodSecurityMetadataSource] is not eligible for getting processed by all BeanPostProcessors (for example: not eligible for auto-proxying)
2020-11-05 15:57:41.967  INFO 2220 --- [    Test worker] o.s.s.concurrent.ThreadPoolTaskExecutor  : Initializing ExecutorService 'applicationTaskExecutor'
2020-11-05 15:57:41.992  INFO 2220 --- [         task-1] o.hibernate.jpa.internal.util.LogHelper  : HHH000204: Processing PersistenceUnitInfo [name: default]
2020-11-05 15:57:42.005  INFO 2220 --- [         task-1] com.zaxxer.hikari.HikariDataSource       : HikariPool-2 - Starting...
2020-11-05 15:57:42.009  INFO 2220 --- [         task-1] com.zaxxer.hikari.HikariDataSource       : HikariPool-2 - Start completed.
2020-11-05 15:57:42.009  INFO 2220 --- [         task-1] org.hibernate.dialect.Dialect            : HHH000400: Using dialect: org.hibernate.dialect.MySQL5Dialect
2020-11-05 15:57:42.054  WARN 2220 --- [    Test worker] JpaBaseConfiguration$JpaWebConfiguration : spring.jpa.open-in-view is enabled by default. Therefore, database queries may be performed during view rendering. Explicitly configure spring.jpa.open-in-view to disable this warning
Hibernate: alter table comment add constraint FKs1slvnkuemjsq2kj4h3vhx7i1 foreign key (post_id) references post (post_id)
Hibernate: alter table comment add constraint FK8kcum44fvpupyw6f5baccx25c foreign key (user_id) references user (user_id)
Hibernate: alter table product add constraint FK1mtsbur82frn64de7balymq9s foreign key (category_id) references category (category_id)
Hibernate: alter table user_roles add constraint FKh8ciramu9cc9q3qcqiv4ue8a6 foreign key (role_id) references roles (id)
Hibernate: alter table user_roles add constraint FKkib3numxej8xlsbs3ilf0u549 foreign key (user_auth_id) references users_auth (id)
2020-11-05 15:57:42.416  INFO 2220 --- [    Test worker] o.s.b.a.w.s.WelcomePageHandlerMapping    : Adding welcome page: class path resource [static/index.html]
2020-11-05 15:57:42.447  INFO 2220 --- [         task-1] o.h.e.t.j.p.i.JtaPlatformInitiator       : HHH000490: Using JtaPlatform implementation: [org.hibernate.engine.transaction.jta.platform.internal.NoJtaPlatform]
2020-11-05 15:57:42.447  INFO 2220 --- [         task-1] j.LocalContainerEntityManagerFactoryBean : Initialized JPA EntityManagerFactory for persistence unit 'default'
2020-11-05 15:57:42.574  INFO 2220 --- [    Test worker] o.s.s.web.DefaultSecurityFilterChain     : Creating filter chain: any request, [org.springframework.security.web.context.request.async.WebAsyncManagerIntegrationFilter@13ce467e, org.springframework.security.web.context.SecurityContextPersistenceFilter@1b3b8ae, org.springframework.security.web.header.HeaderWriterFilter@61a85712, org.springframework.web.filter.CorsFilter@6a32a693, org.springframework.security.web.authentication.logout.LogoutFilter@2e171d2b, com.example.accessingdatamysql.security.jwt.AuthTokenFilter@54f6c83d, org.springframework.security.web.savedrequest.RequestCacheAwareFilter@301f7bbc, org.springframework.security.web.servletapi.SecurityContextHolderAwareRequestFilter@132caa6a, org.springframework.security.web.authentication.AnonymousAuthenticationFilter@4386890a, org.springframework.security.web.session.SessionManagementFilter@7e1bed70, org.springframework.security.web.access.ExceptionTranslationFilter@45ee8e7a, org.springframework.security.web.access.intercept.FilterSecurityInterceptor@30496f4c]
2020-11-05 15:57:42.879  INFO 2220 --- [    Test worker] DeferredRepositoryInitializationListener : Triggering deferred initialization of Spring Data repositories…
2020-11-05 15:57:43.037  INFO 2220 --- [    Test worker] DeferredRepositoryInitializationListener : Spring Data repositories initialized!
2020-11-05 15:57:43.041  INFO 2220 --- [    Test worker] c.e.a.Controllers.UserControllerTest     : Started UserControllerTest in 1.748 seconds (JVM running for 7.621)
]]></system-out>
  <system-err><![CDATA[]]></system-err>
</testsuite>
