<?xml version="1.0" encoding="UTF-8"?>
<testsuite name="com.example.accessingdatamysql.Controllers.UserControllerTest" tests="6" skipped="0" failures="0" errors="0" timestamp="2020-11-19T23:29:52" hostname="DESKTOP-THMDKJJ" time="0.058">
  <properties/>
  <testcase name="userNotFound()" classname="com.example.accessingdatamysql.Controllers.UserControllerTest" time="0.029"/>
  <testcase name="getAllUsersWhenThereAreNone()" classname="com.example.accessingdatamysql.Controllers.UserControllerTest" time="0.004"/>
  <testcase name="getAllUsersWhenThereAreSome()" classname="com.example.accessingdatamysql.Controllers.UserControllerTest" time="0.005"/>
  <testcase name="addNewValidUser()" classname="com.example.accessingdatamysql.Controllers.UserControllerTest" time="0.004"/>
  <testcase name="findUserByEmail()" classname="com.example.accessingdatamysql.Controllers.UserControllerTest" time="0.005"/>
  <testcase name="deleteActualUser()" classname="com.example.accessingdatamysql.Controllers.UserControllerTest" time="0.005"/>
  <system-out><![CDATA[2020-11-20 00:29:51.514  INFO 9620 --- [    Test worker] .b.t.c.SpringBootTestContextBootstrapper : Neither @ContextConfiguration nor @ContextHierarchy found for test class [com.example.accessingdatamysql.Controllers.UserControllerTest], using SpringBootContextLoader
2020-11-20 00:29:51.516  INFO 9620 --- [    Test worker] o.s.t.c.support.AbstractContextLoader    : Could not detect default resource locations for test class [com.example.accessingdatamysql.Controllers.UserControllerTest]: no resource found for suffixes {-context.xml, Context.groovy}.
2020-11-20 00:29:51.516  INFO 9620 --- [    Test worker] t.c.s.AnnotationConfigContextLoaderUtils : Could not detect default configuration classes for test class [com.example.accessingdatamysql.Controllers.UserControllerTest]: UserControllerTest does not declare any static, non-private, non-final, nested classes annotated with @Configuration.
2020-11-20 00:29:51.518  INFO 9620 --- [    Test worker] .b.t.c.SpringBootTestContextBootstrapper : Found @SpringBootConfiguration com.example.accessingdatamysql.AccessingDataMysqlApplication for test class com.example.accessingdatamysql.Controllers.UserControllerTest
2020-11-20 00:29:51.520  INFO 9620 --- [    Test worker] .b.t.c.SpringBootTestContextBootstrapper : Loaded default TestExecutionListener class names from location [META-INF/spring.factories]: [org.springframework.security.test.context.support.WithSecurityContextTestExecutionListener, org.springframework.security.test.context.support.ReactorContextTestExecutionListener, org.springframework.boot.test.autoconfigure.restdocs.RestDocsTestExecutionListener, org.springframework.boot.test.autoconfigure.web.client.MockRestServiceServerResetTestExecutionListener, org.springframework.boot.test.autoconfigure.web.servlet.MockMvcPrintOnlyOnFailureTestExecutionListener, org.springframework.boot.test.autoconfigure.web.servlet.WebDriverTestExecutionListener, org.springframework.boot.test.autoconfigure.webservices.client.MockWebServiceServerTestExecutionListener, org.springframework.boot.test.mock.mockito.MockitoTestExecutionListener, org.springframework.boot.test.mock.mockito.ResetMocksTestExecutionListener, org.springframework.test.context.web.ServletTestExecutionListener, org.springframework.test.context.support.DirtiesContextBeforeModesTestExecutionListener, org.springframework.test.context.support.DependencyInjectionTestExecutionListener, org.springframework.test.context.support.DirtiesContextTestExecutionListener, org.springframework.test.context.transaction.TransactionalTestExecutionListener, org.springframework.test.context.jdbc.SqlScriptsTestExecutionListener, org.springframework.test.context.event.EventPublishingTestExecutionListener]
2020-11-20 00:29:51.521  INFO 9620 --- [    Test worker] .b.t.c.SpringBootTestContextBootstrapper : Using TestExecutionListeners: [org.springframework.test.context.web.ServletTestExecutionListener@6496c705, org.springframework.test.context.support.DirtiesContextBeforeModesTestExecutionListener@5b7a0a30, org.springframework.boot.test.mock.mockito.MockitoTestExecutionListener@4ddf0eb0, org.springframework.boot.test.autoconfigure.SpringBootDependencyInjectionTestExecutionListener@4654da30, org.springframework.test.context.support.DirtiesContextTestExecutionListener@14a89310, org.springframework.test.context.transaction.TransactionalTestExecutionListener@1f88303f, org.springframework.test.context.jdbc.SqlScriptsTestExecutionListener@2a9717f0, org.springframework.security.test.context.support.WithSecurityContextTestExecutionListener@4af2ddc8, org.springframework.test.context.event.EventPublishingTestExecutionListener@1a92f795, org.springframework.security.test.context.support.ReactorContextTestExecutionListener@44c53530, org.springframework.boot.test.autoconfigure.restdocs.RestDocsTestExecutionListener@56ff82cf, org.springframework.boot.test.autoconfigure.web.client.MockRestServiceServerResetTestExecutionListener@a3f0945, org.springframework.boot.test.autoconfigure.web.servlet.MockMvcPrintOnlyOnFailureTestExecutionListener@79c69c8, org.springframework.boot.test.autoconfigure.web.servlet.WebDriverTestExecutionListener@6a9db0be, org.springframework.boot.test.autoconfigure.webservices.client.MockWebServiceServerTestExecutionListener@40deaed8, org.springframework.boot.test.mock.mockito.ResetMocksTestExecutionListener@32d9e2a7]

  .   ____          _            __ _ _
 /\\ / ___'_ __ _ _(_)_ __  __ _ \ \ \ \
( ( )\___ | '_ | '_| | '_ \/ _` | \ \ \ \
 \\/  ___)| |_)| | | | | || (_| |  ) ) ) )
  '  |____| .__|_| |_|_| |_\__, | / / / /
 =========|_|==============|___/=/_/_/_/
 :: Spring Boot ::        (v2.3.2.RELEASE)

2020-11-20 00:29:51.555  INFO 9620 --- [    Test worker] c.e.a.Controllers.UserControllerTest     : Starting UserControllerTest on DESKTOP-THMDKJJ with PID 9620 (started by jakit in C:\Users\jakit\INDIVIDUAL\tennis-website\individual-assignment-db)
2020-11-20 00:29:51.556  INFO 9620 --- [    Test worker] c.e.a.Controllers.UserControllerTest     : No active profile set, falling back to default profiles: default
2020-11-20 00:29:51.763  INFO 9620 --- [    Test worker] .s.d.r.c.RepositoryConfigurationDelegate : Bootstrapping Spring Data JPA repositories in DEFERRED mode.
2020-11-20 00:29:51.806  INFO 9620 --- [    Test worker] .s.d.r.c.RepositoryConfigurationDelegate : Finished Spring Data repository scanning in 42ms. Found 6 JPA repository interfaces.
2020-11-20 00:29:51.949  INFO 9620 --- [    Test worker] trationDelegate$BeanPostProcessorChecker : Bean 'org.springframework.security.access.expression.method.DefaultMethodSecurityExpressionHandler@773f10f2' of type [org.springframework.security.access.expression.method.DefaultMethodSecurityExpressionHandler] is not eligible for getting processed by all BeanPostProcessors (for example: not eligible for auto-proxying)
2020-11-20 00:29:51.961  INFO 9620 --- [    Test worker] trationDelegate$BeanPostProcessorChecker : Bean 'methodSecurityMetadataSource' of type [org.springframework.security.access.method.DelegatingMethodSecurityMetadataSource] is not eligible for getting processed by all BeanPostProcessors (for example: not eligible for auto-proxying)
2020-11-20 00:29:52.050  INFO 9620 --- [    Test worker] o.s.s.concurrent.ThreadPoolTaskExecutor  : Initializing ExecutorService 'applicationTaskExecutor'
2020-11-20 00:29:52.083  INFO 9620 --- [         task-1] o.hibernate.jpa.internal.util.LogHelper  : HHH000204: Processing PersistenceUnitInfo [name: default]
2020-11-20 00:29:52.093  INFO 9620 --- [         task-1] com.zaxxer.hikari.HikariDataSource       : HikariPool-3 - Starting...
2020-11-20 00:29:52.098  INFO 9620 --- [         task-1] com.zaxxer.hikari.HikariDataSource       : HikariPool-3 - Start completed.
2020-11-20 00:29:52.098  INFO 9620 --- [         task-1] org.hibernate.dialect.Dialect            : HHH000400: Using dialect: org.hibernate.dialect.MySQL5Dialect
2020-11-20 00:29:52.144  WARN 9620 --- [    Test worker] JpaBaseConfiguration$JpaWebConfiguration : spring.jpa.open-in-view is enabled by default. Therefore, database queries may be performed during view rendering. Explicitly configure spring.jpa.open-in-view to disable this warning
Hibernate: alter table comment add constraint FKs1slvnkuemjsq2kj4h3vhx7i1 foreign key (post_id) references post (post_id)
Hibernate: alter table comment add constraint FKqm52p1v3o13hy268he0wcngr5 foreign key (user_id) references users (id)
Hibernate: alter table product add constraint FK1mtsbur82frn64de7balymq9s foreign key (category_id) references category (category_id)
Hibernate: alter table user_roles add constraint FKh8ciramu9cc9q3qcqiv4ue8a6 foreign key (role_id) references roles (id)
Hibernate: alter table user_roles add constraint FKdbvuadud2ojo5h5eophd815rv foreign key (user_auth_id) references users (id)
2020-11-20 00:29:52.419  INFO 9620 --- [         task-1] o.h.e.t.j.p.i.JtaPlatformInitiator       : HHH000490: Using JtaPlatform implementation: [org.hibernate.engine.transaction.jta.platform.internal.NoJtaPlatform]
2020-11-20 00:29:52.419  INFO 9620 --- [         task-1] j.LocalContainerEntityManagerFactoryBean : Initialized JPA EntityManagerFactory for persistence unit 'default'
2020-11-20 00:29:52.434  INFO 9620 --- [    Test worker] o.s.b.a.w.s.WelcomePageHandlerMapping    : Adding welcome page: class path resource [static/index.html]
2020-11-20 00:29:52.539  INFO 9620 --- [    Test worker] o.s.s.web.DefaultSecurityFilterChain     : Creating filter chain: any request, [org.springframework.security.web.context.request.async.WebAsyncManagerIntegrationFilter@1add8e12, org.springframework.security.web.context.SecurityContextPersistenceFilter@271ad125, org.springframework.security.web.header.HeaderWriterFilter@5a4ab8a5, org.springframework.web.filter.CorsFilter@a795aa9, org.springframework.security.web.authentication.logout.LogoutFilter@6df93133, com.example.accessingdatamysql.security.jwt.AuthTokenFilter@36372c20, org.springframework.security.web.savedrequest.RequestCacheAwareFilter@3a8929d9, org.springframework.security.web.servletapi.SecurityContextHolderAwareRequestFilter@358921bd, org.springframework.security.web.authentication.AnonymousAuthenticationFilter@836489e, org.springframework.security.web.session.SessionManagementFilter@7e1ae434, org.springframework.security.web.access.ExceptionTranslationFilter@51d99aed, org.springframework.security.web.access.intercept.FilterSecurityInterceptor@1ddcebb2]
2020-11-20 00:29:52.749  INFO 9620 --- [    Test worker] DeferredRepositoryInitializationListener : Triggering deferred initialization of Spring Data repositories…
2020-11-20 00:29:52.856  INFO 9620 --- [    Test worker] DeferredRepositoryInitializationListener : Spring Data repositories initialized!
2020-11-20 00:29:52.858  INFO 9620 --- [    Test worker] c.e.a.Controllers.UserControllerTest     : Started UserControllerTest in 1.335 seconds (JVM running for 8.604)
]]></system-out>
  <system-err><![CDATA[]]></system-err>
</testsuite>
