<?xml version="1.0" encoding="UTF-8"?>
<testsuite name="com.example.accessingdatamysql.Controllers.ProductControllerTest" tests="4" skipped="0" failures="0" errors="0" timestamp="2020-11-22T20:01:19" hostname="DESKTOP-THMDKJJ" time="0.026">
  <properties/>
  <testcase name="deleteActualProduct()" classname="com.example.accessingdatamysql.Controllers.ProductControllerTest" time="0.004"/>
  <testcase name="getAllProductsWhenThereAreNone()" classname="com.example.accessingdatamysql.Controllers.ProductControllerTest" time="0.011"/>
  <testcase name="getAllProductsWhenThereAreSome()" classname="com.example.accessingdatamysql.Controllers.ProductControllerTest" time="0.004"/>
  <testcase name="updateExistingProduct()" classname="com.example.accessingdatamysql.Controllers.ProductControllerTest" time="0.004"/>
  <system-out><![CDATA[2020-11-22 21:01:18.132  INFO 7208 --- [    Test worker] .b.t.c.SpringBootTestContextBootstrapper : Neither @ContextConfiguration nor @ContextHierarchy found for test class [com.example.accessingdatamysql.Controllers.ProductControllerTest], using SpringBootContextLoader
2020-11-22 21:01:18.133  INFO 7208 --- [    Test worker] o.s.t.c.support.AbstractContextLoader    : Could not detect default resource locations for test class [com.example.accessingdatamysql.Controllers.ProductControllerTest]: no resource found for suffixes {-context.xml, Context.groovy}.
2020-11-22 21:01:18.133  INFO 7208 --- [    Test worker] t.c.s.AnnotationConfigContextLoaderUtils : Could not detect default configuration classes for test class [com.example.accessingdatamysql.Controllers.ProductControllerTest]: ProductControllerTest does not declare any static, non-private, non-final, nested classes annotated with @Configuration.
2020-11-22 21:01:18.135  INFO 7208 --- [    Test worker] .b.t.c.SpringBootTestContextBootstrapper : Found @SpringBootConfiguration com.example.accessingdatamysql.AccessingDataMysqlApplication for test class com.example.accessingdatamysql.Controllers.ProductControllerTest
2020-11-22 21:01:18.137  INFO 7208 --- [    Test worker] .b.t.c.SpringBootTestContextBootstrapper : Loaded default TestExecutionListener class names from location [META-INF/spring.factories]: [org.springframework.security.test.context.support.WithSecurityContextTestExecutionListener, org.springframework.security.test.context.support.ReactorContextTestExecutionListener, org.springframework.boot.test.autoconfigure.restdocs.RestDocsTestExecutionListener, org.springframework.boot.test.autoconfigure.web.client.MockRestServiceServerResetTestExecutionListener, org.springframework.boot.test.autoconfigure.web.servlet.MockMvcPrintOnlyOnFailureTestExecutionListener, org.springframework.boot.test.autoconfigure.web.servlet.WebDriverTestExecutionListener, org.springframework.boot.test.autoconfigure.webservices.client.MockWebServiceServerTestExecutionListener, org.springframework.boot.test.mock.mockito.MockitoTestExecutionListener, org.springframework.boot.test.mock.mockito.ResetMocksTestExecutionListener, org.springframework.test.context.web.ServletTestExecutionListener, org.springframework.test.context.support.DirtiesContextBeforeModesTestExecutionListener, org.springframework.test.context.support.DependencyInjectionTestExecutionListener, org.springframework.test.context.support.DirtiesContextTestExecutionListener, org.springframework.test.context.transaction.TransactionalTestExecutionListener, org.springframework.test.context.jdbc.SqlScriptsTestExecutionListener, org.springframework.test.context.event.EventPublishingTestExecutionListener]
2020-11-22 21:01:18.138  INFO 7208 --- [    Test worker] .b.t.c.SpringBootTestContextBootstrapper : Using TestExecutionListeners: [org.springframework.test.context.web.ServletTestExecutionListener@1e9a8210, org.springframework.test.context.support.DirtiesContextBeforeModesTestExecutionListener@5a0a135a, org.springframework.boot.test.mock.mockito.MockitoTestExecutionListener@58ffdce2, org.springframework.boot.test.autoconfigure.SpringBootDependencyInjectionTestExecutionListener@2065247, org.springframework.test.context.support.DirtiesContextTestExecutionListener@4846da15, org.springframework.test.context.transaction.TransactionalTestExecutionListener@425c9084, org.springframework.test.context.jdbc.SqlScriptsTestExecutionListener@64624ce1, org.springframework.security.test.context.support.WithSecurityContextTestExecutionListener@54c6be40, org.springframework.test.context.event.EventPublishingTestExecutionListener@2aae50bf, org.springframework.security.test.context.support.ReactorContextTestExecutionListener@cd02dde, org.springframework.boot.test.autoconfigure.restdocs.RestDocsTestExecutionListener@7aa36de1, org.springframework.boot.test.autoconfigure.web.client.MockRestServiceServerResetTestExecutionListener@1bf6e84b, org.springframework.boot.test.autoconfigure.web.servlet.MockMvcPrintOnlyOnFailureTestExecutionListener@43056822, org.springframework.boot.test.autoconfigure.web.servlet.WebDriverTestExecutionListener@4e361341, org.springframework.boot.test.autoconfigure.webservices.client.MockWebServiceServerTestExecutionListener@2f9bb303, org.springframework.boot.test.mock.mockito.ResetMocksTestExecutionListener@383b20b]

  .   ____          _            __ _ _
 /\\ / ___'_ __ _ _(_)_ __  __ _ \ \ \ \
( ( )\___ | '_ | '_| | '_ \/ _` | \ \ \ \
 \\/  ___)| |_)| | | | | || (_| |  ) ) ) )
  '  |____| .__|_| |_|_| |_\__, | / / / /
 =========|_|==============|___/=/_/_/_/
 :: Spring Boot ::        (v2.3.2.RELEASE)

2020-11-22 21:01:18.176  INFO 7208 --- [    Test worker] c.e.a.Controllers.ProductControllerTest  : Starting ProductControllerTest on DESKTOP-THMDKJJ with PID 7208 (started by jakit in C:\Users\jakit\INDIVIDUAL\tennis-website\individual-assignment-db)
2020-11-22 21:01:18.176  INFO 7208 --- [    Test worker] c.e.a.Controllers.ProductControllerTest  : No active profile set, falling back to default profiles: default
2020-11-22 21:01:18.420  INFO 7208 --- [    Test worker] .s.d.r.c.RepositoryConfigurationDelegate : Bootstrapping Spring Data JPA repositories in DEFERRED mode.
2020-11-22 21:01:18.452  INFO 7208 --- [    Test worker] .s.d.r.c.RepositoryConfigurationDelegate : Finished Spring Data repository scanning in 31ms. Found 4 JPA repository interfaces.
2020-11-22 21:01:18.571  INFO 7208 --- [    Test worker] trationDelegate$BeanPostProcessorChecker : Bean 'org.springframework.security.access.expression.method.DefaultMethodSecurityExpressionHandler@571f93a1' of type [org.springframework.security.access.expression.method.DefaultMethodSecurityExpressionHandler] is not eligible for getting processed by all BeanPostProcessors (for example: not eligible for auto-proxying)
2020-11-22 21:01:18.579  INFO 7208 --- [    Test worker] trationDelegate$BeanPostProcessorChecker : Bean 'methodSecurityMetadataSource' of type [org.springframework.security.access.method.DelegatingMethodSecurityMetadataSource] is not eligible for getting processed by all BeanPostProcessors (for example: not eligible for auto-proxying)
2020-11-22 21:01:18.660  INFO 7208 --- [    Test worker] o.s.s.concurrent.ThreadPoolTaskExecutor  : Initializing ExecutorService 'applicationTaskExecutor'
2020-11-22 21:01:18.682  INFO 7208 --- [         task-1] o.hibernate.jpa.internal.util.LogHelper  : HHH000204: Processing PersistenceUnitInfo [name: default]
2020-11-22 21:01:18.690  INFO 7208 --- [         task-1] com.zaxxer.hikari.HikariDataSource       : HikariPool-2 - Starting...
2020-11-22 21:01:18.694  INFO 7208 --- [         task-1] com.zaxxer.hikari.HikariDataSource       : HikariPool-2 - Start completed.
2020-11-22 21:01:18.695  INFO 7208 --- [         task-1] org.hibernate.dialect.Dialect            : HHH000400: Using dialect: org.hibernate.dialect.MySQL5Dialect
2020-11-22 21:01:18.749  WARN 7208 --- [    Test worker] JpaBaseConfiguration$JpaWebConfiguration : spring.jpa.open-in-view is enabled by default. Therefore, database queries may be performed during view rendering. Explicitly configure spring.jpa.open-in-view to disable this warning
Hibernate: alter table product add constraint FK1mtsbur82frn64de7balymq9s foreign key (category_id) references category (category_id)
Hibernate: alter table user_roles add constraint FKh8ciramu9cc9q3qcqiv4ue8a6 foreign key (role_id) references roles (id)
Hibernate: alter table user_roles add constraint FKdbvuadud2ojo5h5eophd815rv foreign key (user_auth_id) references users (id)
2020-11-22 21:01:18.932  INFO 7208 --- [         task-1] o.h.e.t.j.p.i.JtaPlatformInitiator       : HHH000490: Using JtaPlatform implementation: [org.hibernate.engine.transaction.jta.platform.internal.NoJtaPlatform]
2020-11-22 21:01:18.933  INFO 7208 --- [         task-1] j.LocalContainerEntityManagerFactoryBean : Initialized JPA EntityManagerFactory for persistence unit 'default'
2020-11-22 21:01:19.035  INFO 7208 --- [    Test worker] o.s.b.a.w.s.WelcomePageHandlerMapping    : Adding welcome page: class path resource [static/index.html]
2020-11-22 21:01:19.166  INFO 7208 --- [    Test worker] o.s.s.web.DefaultSecurityFilterChain     : Creating filter chain: any request, [org.springframework.security.web.context.request.async.WebAsyncManagerIntegrationFilter@5cfaa07e, org.springframework.security.web.context.SecurityContextPersistenceFilter@7710913d, org.springframework.security.web.header.HeaderWriterFilter@278129ec, org.springframework.web.filter.CorsFilter@378d53f5, org.springframework.security.web.authentication.logout.LogoutFilter@57c2c698, com.example.accessingdatamysql.security.jwt.AuthTokenFilter@2ac15571, org.springframework.security.web.savedrequest.RequestCacheAwareFilter@3414b162, org.springframework.security.web.servletapi.SecurityContextHolderAwareRequestFilter@1a742045, org.springframework.security.web.authentication.AnonymousAuthenticationFilter@599adf68, org.springframework.security.web.session.SessionManagementFilter@413ffba1, org.springframework.security.web.access.ExceptionTranslationFilter@98959c4, org.springframework.security.web.access.intercept.FilterSecurityInterceptor@f3961fc]
2020-11-22 21:01:19.447  INFO 7208 --- [    Test worker] DeferredRepositoryInitializationListener : Triggering deferred initialization of Spring Data repositories…
2020-11-22 21:01:19.544  INFO 7208 --- [    Test worker] DeferredRepositoryInitializationListener : Spring Data repositories initialized!
2020-11-22 21:01:19.547  INFO 7208 --- [    Test worker] c.e.a.Controllers.ProductControllerTest  : Started ProductControllerTest in 1.407 seconds (JVM running for 7.854)
]]></system-out>
  <system-err><![CDATA[]]></system-err>
</testsuite>
