<?xml version="1.0" encoding="UTF-8"?>
<testsuite name="com.example.accessingdatamysql.Services.UserServiceTest" tests="7" skipped="0" failures="0" errors="0" timestamp="2021-01-17T21:03:16" hostname="DESKTOP-THMDKJJ" time="0.009">
  <properties/>
  <testcase name="getOne()" classname="com.example.accessingdatamysql.Services.UserServiceTest" time="0.001"/>
  <testcase name="findAll()" classname="com.example.accessingdatamysql.Services.UserServiceTest" time="0.002"/>
  <testcase name="existsByEmail()" classname="com.example.accessingdatamysql.Services.UserServiceTest" time="0.001"/>
  <testcase name="deleteAll()" classname="com.example.accessingdatamysql.Services.UserServiceTest" time="0.001"/>
  <testcase name="save()" classname="com.example.accessingdatamysql.Services.UserServiceTest" time="0.002"/>
  <testcase name="existsById()" classname="com.example.accessingdatamysql.Services.UserServiceTest" time="0.001"/>
  <testcase name="findByEmail()" classname="com.example.accessingdatamysql.Services.UserServiceTest" time="0.001"/>
  <system-out><![CDATA[]]></system-out>
  <system-err><![CDATA[]]></system-err>
</testsuite>
