<?xml version="1.0" encoding="UTF-8"?>
<testsuite name="com.example.accessingdatamysql.modelsTemp.ProductTest" tests="6" skipped="0" failures="0" errors="0" timestamp="2020-11-22T20:01:22" hostname="DESKTOP-THMDKJJ" time="0.025">
  <properties/>
  <testcase name="getProductName()" classname="com.example.accessingdatamysql.modelsTemp.ProductTest" time="0.004"/>
  <testcase name="getProductId()" classname="com.example.accessingdatamysql.modelsTemp.ProductTest" time="0.003"/>
  <testcase name="setProductName()" classname="com.example.accessingdatamysql.modelsTemp.ProductTest" time="0.004"/>
  <testcase name="setProductId()" classname="com.example.accessingdatamysql.modelsTemp.ProductTest" time="0.004"/>
  <testcase name="setPrice()" classname="com.example.accessingdatamysql.modelsTemp.ProductTest" time="0.003"/>
  <testcase name="getPrice()" classname="com.example.accessingdatamysql.modelsTemp.ProductTest" time="0.003"/>
  <system-out><![CDATA[2020-11-22 21:01:22.148  INFO 7208 --- [    Test worker] .b.t.c.SpringBootTestContextBootstrapper : Neither @ContextConfiguration nor @ContextHierarchy found for test class [com.example.accessingdatamysql.modelsTemp.ProductTest], using SpringBootContextLoader
2020-11-22 21:01:22.149  INFO 7208 --- [    Test worker] o.s.t.c.support.AbstractContextLoader    : Could not detect default resource locations for test class [com.example.accessingdatamysql.modelsTemp.ProductTest]: no resource found for suffixes {-context.xml, Context.groovy}.
2020-11-22 21:01:22.150  INFO 7208 --- [    Test worker] t.c.s.AnnotationConfigContextLoaderUtils : Could not detect default configuration classes for test class [com.example.accessingdatamysql.modelsTemp.ProductTest]: ProductTest does not declare any static, non-private, non-final, nested classes annotated with @Configuration.
2020-11-22 21:01:22.151  INFO 7208 --- [    Test worker] .b.t.c.SpringBootTestContextBootstrapper : Found @SpringBootConfiguration com.example.accessingdatamysql.AccessingDataMysqlApplication for test class com.example.accessingdatamysql.modelsTemp.ProductTest
2020-11-22 21:01:22.153  INFO 7208 --- [    Test worker] .b.t.c.SpringBootTestContextBootstrapper : Loaded default TestExecutionListener class names from location [META-INF/spring.factories]: [org.springframework.security.test.context.support.WithSecurityContextTestExecutionListener, org.springframework.security.test.context.support.ReactorContextTestExecutionListener, org.springframework.boot.test.autoconfigure.restdocs.RestDocsTestExecutionListener, org.springframework.boot.test.autoconfigure.web.client.MockRestServiceServerResetTestExecutionListener, org.springframework.boot.test.autoconfigure.web.servlet.MockMvcPrintOnlyOnFailureTestExecutionListener, org.springframework.boot.test.autoconfigure.web.servlet.WebDriverTestExecutionListener, org.springframework.boot.test.autoconfigure.webservices.client.MockWebServiceServerTestExecutionListener, org.springframework.boot.test.mock.mockito.MockitoTestExecutionListener, org.springframework.boot.test.mock.mockito.ResetMocksTestExecutionListener, org.springframework.test.context.web.ServletTestExecutionListener, org.springframework.test.context.support.DirtiesContextBeforeModesTestExecutionListener, org.springframework.test.context.support.DependencyInjectionTestExecutionListener, org.springframework.test.context.support.DirtiesContextTestExecutionListener, org.springframework.test.context.transaction.TransactionalTestExecutionListener, org.springframework.test.context.jdbc.SqlScriptsTestExecutionListener, org.springframework.test.context.event.EventPublishingTestExecutionListener]
2020-11-22 21:01:22.154  INFO 7208 --- [    Test worker] .b.t.c.SpringBootTestContextBootstrapper : Using TestExecutionListeners: [org.springframework.test.context.web.ServletTestExecutionListener@3b15f92d, org.springframework.test.context.support.DirtiesContextBeforeModesTestExecutionListener@3733b95, org.springframework.boot.test.mock.mockito.MockitoTestExecutionListener@15b75d3, org.springframework.boot.test.autoconfigure.SpringBootDependencyInjectionTestExecutionListener@6aaecd67, org.springframework.test.context.support.DirtiesContextTestExecutionListener@7e668d8e, org.springframework.test.context.transaction.TransactionalTestExecutionListener@6453be44, org.springframework.test.context.jdbc.SqlScriptsTestExecutionListener@3e7cbaf0, org.springframework.security.test.context.support.WithSecurityContextTestExecutionListener@22a58dad, org.springframework.test.context.event.EventPublishingTestExecutionListener@68e57e8a, org.springframework.security.test.context.support.ReactorContextTestExecutionListener@113d4c4c, org.springframework.boot.test.autoconfigure.restdocs.RestDocsTestExecutionListener@4a4ddfa1, org.springframework.boot.test.autoconfigure.web.client.MockRestServiceServerResetTestExecutionListener@448beba0, org.springframework.boot.test.autoconfigure.web.servlet.MockMvcPrintOnlyOnFailureTestExecutionListener@7d9cc95, org.springframework.boot.test.autoconfigure.web.servlet.WebDriverTestExecutionListener@7c7daf0e, org.springframework.boot.test.autoconfigure.webservices.client.MockWebServiceServerTestExecutionListener@5869c7f7, org.springframework.boot.test.mock.mockito.ResetMocksTestExecutionListener@4324e1b1]
]]></system-out>
  <system-err><![CDATA[]]></system-err>
</testsuite>
